9 2735 8227 1582 4956 7801 2073 4057 9831 7539
23 6656 9306 5285 2036 330 7479 5279 8990 5310 5933 7898 695 3498 1714 4388 7321 6205 5801 7820 1450 5736 7844 8000
18 4536 8715 9045 6567 7253 5409 4872 7532 397 6391 5329 6146 103 6578 8048 1654 3023 9693
18 3697 3067 5507 119 3740 5069 1239 3532 4270 4775 9741 9838 8416 5444 5616 1147 1204 9532
14 8787 7677 6245 4245 1319 25 5703 9772 9040 1238 7831 6477 1701 1343
10 6912 5008 2989 4690 2151 7560 9780 6583 8726 1437
27 8213 271 3263 5888 6575 3778 5298 9388 833 1466 6571 7599 1371 1337 6542 6697 3810 6281 9522 2615 8452 5434 7481 5224 5644 5964 1134
36 7064 2422 1223 1500 6615 2033 9134 6784 3793 5702 6268 1799 9300 7724 3121 3079 1392 4188 8621 9506 4369 6308 7333 496 3413 1058 8567 925 2746 5397 8964 2594 1301 7496 980 8949
29 4475 6875 4225 9613 8298 7933 6962 1643 7793 1012 724 8140 6036 3045 9237 1566 5168 2646 6691 6219 2029 2427 4737 1936 31 4996 421 6093 8217
21 1332 2520 5282 3966 2323 1762 5457 6589 252 3450 3556 9983 6800 936 1217 6612 4878 7723 5349 2590 6753
15 7188 8629 4867 4826 3936 3911 6136 2704 4702 602 8888 5563 9097 5629 8535
28 7709 3891 3557 4953 9842 3513 4696 9812 2680 7754 52 1328 612 9706 6020 1827 6709 1678 3506 3237 5236 7089 3084 5726 192 1868 0 5821
26 5027 9851 8157 417 1102 7535 2453 4584 586 7918 5005 153 3763 689 4044 6224 687 2863 1736 2182 336 845 3126 9560 9765 1300
23 6843 2963 409 210 1910 5344 6491 5356 1752 8148 1612 2713 3846 1179 1772 9548 9583 717 3504 8762 8948 2847 1478
10 6269 3849 5829 4411 9750 3720 8275 291 9389 438
6 394 9191 8588 656 6601 5982
9 7849 2784 6765 4973 1365 6805 6832 2156 4796
28 1794 5698 1640 5668 3370 645 4099 2505 6737 7316 7727 3757 3570 3266 686 5827 9092 8067 2572 413 2347 9147 3265 9454 8166 8690 8884 3264
29 2828 9691 8835 2112 7692 7856 8737 2924 993 2525 1193 808 1464 6203 6769 8821 1650 4025 6935 6640 1049 1249 3920 5521 4193 3836 9123 9736 6342
29 8189 6455 4875 4405 7364 7411 1169 514 7769 3507 9444 1761 3130 2789 3331 7353 4754 7853 1321 8853 5754 8913 927 7219 6273 4649 9753 1887 9716
18 8086 3024 1313 267 9037 1441 1182 4588 2186 8972 4168 7744 5056 8684 3899 3762 828 7375
26 1879 4455 7666 4410 7685 5601 4880 1436 4858 7903 698 8031 4265 2062 83 7753 8162 5418 5561 2349 9204 664 3819 3684 6365 1088
28 5881 9768 5025 854 8445 5660 369 8413 2065 8326 6495 4430 3154 3000 6429 5233 2739 9501 9808 49 859 1244 140 3971 9876 5443 3975 9227
25 3410 6851 2649 9579 4944 9441 3454 5314 9110 5786 5525 7288 8680 1486 7670 3011 1360 4732 5820 1128 3718 5676 5029 9334 6434
32 2531 1852 9890 8766 4957 3493 7135 2128 377 4824 9023 1914 1395 5180 7331 3013 806 7932 2918 9201 6354 6555 3037 2503 5144 9203 7184 2623 8211 5011 4553 7467
19 4056 5510 6450 601 3537 2852 4756 7169 4528 2302 7054 9786 4922 7964 6028 5264 8091 8057 7472
19 6044 1625 8434 3938 3420 8955 1324 1023 2533 9398 2795 1659 5555 7052 3853 9637 1210 3543 4538
29 6767 5060 2566 9353 381 2981 4532 9319 4564 4499 3854 3907 1668 9727 7292 1604 7345 1457 6561 8592 1445 526 8036 9261 4434 51 9048 8606 1038
27 6780 7357 8207 1723 6966 3124 2706 6657 4866 5878 843 6885 4988 8958 9447 8347 875 6675 2872 205 1036 7302 5671 4600 6576 8490 7825
21 8698 3170 248 5816 2352 2178 8228 4798 7066 3305 4211 5526 8952 9230 5958 3 2396 333 7285 22 492
18 9698 2106 7631 4703 9071 9199 5951 7837 4213 6727 1476 1264 2614 4159 9988 361 8304 3560
31 6418 9595 825 3783 4914 4555 2404 7456 9440 193 4293 1891 5155 350 4323 2931 5882 5035 4529 4603 7199 7473 2562 4222 4402 2050 1680 2820 7836 3929 4683
27 8587 9087 9805 8521 2856 2635 1222 3732 3958 2126 353 2314 799 2468 9844 4443 366 1132 1011 7674 5789 1329 8474 237 8781 6899 9520
16 7088 4467 7483 3404 8729 2687 7598 4360 3296 5492 5432 1173 9271 289 2007 6453
31 554 3384 7249 4733 5678 8367 4713 178 6579 7805 8610 777 3308 5176 4747 276 2229 8460 6176 1621 4290 4373 4287 8515 2301 6302 9290 4077 8701 1570 4091
16 3667 1689 326 9951 5351 6357 5628 2753 5809 8239 4840 9302 5385 1163 5513 3286
31 5343 3976 3512 9042 7785 8030 7643 1459 7659 2501 4489 7007 4487 5171 6382 3283 4783 9857 7480 2223 7378 307 6791 5834 1377 5456 6685 70 20 8185 3386
34 2507 3329 4502 7737 32 6927 6639 3669 6161 1393 8225 2023 5143 3470 1235 6505 8335 3481 6660 829 9468 8013 4382 4917 848 603 3558 1938 3488 2157 9387 7524 2814 5370
23 6900 4223 9543 4404 6076 1721 9623 4019 2477 2959 594 7250 9969 2282 7771 9295 9957 2251 7261 86 5652 8120 9430
7 5402 9459 6349 8611 7565 9615 7881
23 1724 5746 2780 3193 9843 5061 4919 201 6077 6175 2496 3649 3587 9126 132 6592 6673 2637 2908 926 8552 5720 9677
16 2313 8323 8351 3605 7442 6119 6133 8860 2072 4714 1531 2901 6443 7909 8332 8957
30 3168 3459 128 95 6771 9130 4017 7808 3901 5567 8159 387 8064 3323 7734 1622 4831 7408 1107 7181 6599 4375 466 7776 6390 4680 5753 8612 7393 9329
28 6607 7117 9744 6523 1587 3290 3062 9912 7629 1008 1679 9474 4351 7797 2093 6790 3142 3118 5111 3595 3978 9323 6872 393 9088 9811 3612 5225
28 6913 3461 3490 4657 1693 6643 3482 3099 8956 5700 6898 624 7259 5389 7397 7330 5490 2499 8393 9854 5800 8364 5198 3080 8497 2408 8594 4716
28 113 3104 7243 1252 5291 8665 1985 8018 2565 2397 4667 3592 5630 1073 2431 9755 964 2328 6142 6388 8423 6954 9898 6250 1115 8106 796 6559
11 7716 8231 7942 8215 1334 5207 9484 7784 5230 6919 2627
13 8564 6377 6154 6318 2469 2257 9339 1144 1645 1898 4479 5939 6191
15 3647 6274 3902 2063 33 6144 5609 8714 491 6796 7603 4192 6993 3347 7049
13 3321 9021 1548 4576 6022 5549 1878 5024 1517 6481 7758 9990 8131
33 6361 5393 3786 8803 7193 3194 3181 5160 5465 4924 6821 9407 1767 9368 4368 9142 887 7371 1856 6629 3670 1401 4389 5772 6781 6489 2987 5871 3886 9154 3431 5232 5501
21 2944 4661 5777 172 5503 9100 7941 4664 6067 6674 9015 1037 581 1575 2779 73 4162 4142 3275 2865 7487
33 9670 166 150 7226 5650 2771 6422 5803 3867 2107 6864 2383 561 4845 6707 2340 8060 7786 3342 517 5085 1964 1608 4726 3322 6195 8685 5613 3931 5850 5592 9635 3741
15 8271 5856 7637 9947 8192 3809 2721 2488 3158 9895 6294 2821 9545 7017 7093
29 5222 5500 9286 1508 8110 6280 4256 74 7873 2192 4892 4263 3213 7462 8539 184 534 7179 2263 9193 3823 8712 5775 3132 9601 2806 4606 2529 3617
28 3008 892 3866 6430 2207 7256 9858 8617 4045 485 4800 8798 3007 3070 3295 2874 8904 776 8863 1918 8704 4381 3864 9600 1148 9878 4160 3229
26 1815 1635 3403 7874 1755 161 4958 6971 5844 5835 7726 8830 2850 9879 1953 3756 28 1499 3771 651 4367 3766 4412 8083 6603 5174
8 2176 3774 5570 8389 4812 2993 831 8618
7 219 9544 4717 6066 9967 4902 8824
16 6694 7319 3066 4141 1381 2088 8287 1370 7144 4298 8092 8358 9266 879 685 4955
5 7227 3246 4994 9467 2669
16 4098 1973 4366 7414 6140 3137 9239 6469 3351 487 154 4903 3164 2317 7439 9803
22 2327 5332 2330 1470 5026 4992 9748 8317 6999 917 53 3419 4131 4271 8579 7044 4728 2683 9198 2148 1418 2609
27 4644 2654 2270 7014 4406 5042 3593 3139 7718 6733 283 1885 7449 1434 9616 7908 2027 3223 3943 312 6045 3369 8392 6011 5545 1652 3643
14 4586 5721 933 2663 7682 9186 1289 2666 2555 7485 669 3923 5439 6917
7 8509 3202 7813 7719 4951 2100 6467
29 9187 5744 3821 2537 2245 6446 4318 4786 1422 5123 2630 1071 4856 5908 50 5966 9181 4847 2832 8828 2201 1712 7170 5960 4753 3863 7002 770 6439
5 9626 7104 730 2573 5891
28 9291 7846 9874 1550 6356 671 3190 8116 826 244 2810 508 137 9784 6116 173 4925 6184 6759 5229 2070 5894 1607 5926 4305 8044 1892 7036
9 2418 7671 5912 5328 9301 2502 3652 1341 465
17 9020 842 2147 6842 1863 4615 8118 9846 1062 388 4301 1129 5148 7303 8838 321 2840
25 2774 8792 5626 9712 4990 7068 1004 7830 9361 1592 5730 1296 4567 7871 8997 1131 4465 5867 8142 6209 762 8046 4189 406 3588
3 2278 2736 7376
22 6633 4352 8998 9992 3211 9240 7865 8533 592 8599 558 6551 4999 5787 944 7349 18 2554 8770 4350 9215 1001
25 2429 6752 3991 9804 5674 4503 3904 8407 4787 865 7624 4248 1688 5919 7003 8248 1577 3183 4755 8677 8658 6448 108 7899 7182
16 7318 7346 5250 7065 613 3438 9966 9404 1793 4174 3728 221 4392 8859 8265 7459
14 610 9246 5205 7557 8682 2059 1565 3623 3829 2907 1695 5103 3383 9723
34 6965 8426 8915 3566 4764 1553 9928 5405 8659 8926 3425 9328 754 274 9330 1905 3234 305 1857 3212 449 7201 7332 619 5037 8467 2564 1089 5286 9499 5057 1306 675 1472
31 4066 315 7465 9254 7668 4450 7778 5632 3044 6926 9155 9355 7461 6838 2447 5149 3485 2545 2369 5612 5930 5515 9956 3415 7074 6411 2730 68 5714 3857 2902
18 7229 328 5535 9252 3330 5019 8318 2489 5 6394 7242 7405 9719 3922 2606 6107 5294 4599
28 5902 2791 7248 98 4101 6647 1480 8645 716 1203 6253 1981 5640 4809 386 8136 5396 983 3888 1253 6214 1462 6355 2127 6065 3185 7533 8874
31 4882 5990 1010 6069 4137 3038 8642 300 2075 516 8494 1774 680 8344 7798 2552 1828 6299 2712 6704 9211 9862 1021 1234 8461 9521 6569 7123 9061 5547 5244
22 1563 2132 6426 2248 7339 2309 8428 1603 3999 319 9001 8656 5479 347 4719 7545 5916 2481 4998 5202 6158 4181
28 9411 1090 8040 950 6703 908 8160 65 3550 7650 171 3399 1743 5778 2303 8927 2058 5936 8633 8676 858 3106 7290 9383 6358 3184 590 1923
8 7911 2928 6327 4658 6814 5366 6544 1452
29 9901 5654 565 9735 4403 4119 7503 2867 6367 1541 8051 6312 8242 1870 3352 3195 1682 6145 6906 5010 7878 6990 9343 9703 4918 7289 5499 8375 5543
18 3239 4511 6536 266 2180 5375 6956 3952 7187 1198 3157 5486 1424 510 1824 5512 641 722
16 1993 945 2782 483 3112 415 578 5221 8901 2 3039 9508 7990 1961 1966 2329
14 9121 5384 6532 5118 1554 1442 2326 1972 4731 4315 5508 1547 7824 3032
12 8578 2480 3754 8746 6905 4453 4625 2024 1820 3913 4100 3491
11 3692 1734 3426 9483 7854 8946 4363 9494 5361 431 398
22 1866 8449 6003 1186 5751 853 3524 2969 9496 281 3751 4898 974 5166 1229 7050 36 8015 7214 8080 6911 6470
9 7468 8394 6586 5645 7450 2133 6300 5988 5841
19 6160 7082 1218 6058 3542 992 9276 3122 7562 5323 8987 9908 575 8916 6772 9298 547 5969 1559
18 5245 6239 439 5477 2041 100 4913 6593 6248 2246 3163 2144 7099 7921 1925 4982 7027 8422
14 6424 2426 4980 4050 8093 982 4595 2954 7176 1831 4317 229 8908 3631
20 8675 2748 1970 2261 2799 2751 8992 9699 5496 9697 4183 5781 1506 7589 8216 7834 8636 6242 6258 8480
27 8420 6877 4080 9557 6825 5382 9950 7370 9324 4340 434 6366 8186 7944 3161 9099 7100 270 3348 5740 4978 1120 4203 8905 8622 5696 6494
5 8184 9763 4492 8066 923
16 9207 2838 8224 3921 2250 7663 380 6587 6374 118 1589 2393 959 8253 3749 1003
32 489 4437 4848 951 8042 7209 9972 4636 9624 8603 5462 1591 1236 7999 5482 4801 8649 6869 7121 3725 4215 2889 2475 429 3551 2853 9676 4779 9311 8178 8002 8350
28 7799 4648 1276 9680 3116 8176 120 3657 2875 5372 3799 2607 4456 6642 9358 670 7782 1572 505 2860 798 5669 6958 7590 971 2170 5003 8154
27 7877 2026 47 5627 9610 2585 3530 5782 2037 1308 800 1741 9933 8844 3312 165 4633 7617 9875 1425 7955 2287 1290 6364 840 2410 6479
12 6952 7116 5983 9798 8132 5897 7154 9782 8255 5408 638 5606
20 8179 400 435 4028 8236 3636 9645 2556 5879 1638 7680 2244 7142 9489 5531 1149 8251 2258 9865 811
18 6456 8104 3830 4016 2333 4854 9044 1836 6568 834 246 4769 7720 9005 8503 9025 9860 1929
21 5161 9974 9011 6856 2470 9429 907 4477 6460 342 6868 7610 4549 2560 1187 1632 160 8336 6447 1174 3367
28 4788 3160 720 8823 3680 1496 6399 1660 6218 9659 5353 880 1075 7286 5981 4626 8469 5947 5905 1975 2824 7338 5175 1540 8837 4977 432 4432
32 61 2436 4154 665 7190 5267 7665 1443 9408 6094 3986 3428 953 5519 5259 2990 4217 9428 2567 4026 4464 1164 8065 861 9051 781 1812 5633 1400 1060 8137 2163
32 6649 4537 9078 7870 3972 4652 85 159 9458 6163 4879 949 1271 5995 5559 7077 4459 2139 2995 5448 344 8068 9435 1358 3337 1663 913 1295 9555 5476 6271 4311
26 580 9685 9559 2425 7662 39 1716 9192 4539 9299 3282 4701 5852 8427 7107 8280 3777 9029 5950 7317 3671 2822 702 7766 2659 3402
26 3564 7553 5307 2787 6272 7745 8245 2439 3625 5986 5039 370 2632 8165 9122 4765 4425 787 124 2752 9599 5949 2940 6212 7112 3850
25 4687 7451 7975 7867 2686 1245 1745 9962 3258 1930 7712 8063 9376 4232 7583 5589 8875 9591 9016 6878 8577 9756 6614 4390 3737
20 8728 5818 6192 9297 782 5107 3993 1886 9381 3155 1700 5534 5907 255 6622 7130 4486 6130 1140 4778
28 3457 5359 2690 6000 2600 986 595 643 9073 8373 1539 2437 7507 2950 6552 8689 3545 6105 3935 4889 2336 62 995 9124 7423 7051 3611 9281
5 8520 3029 7430 3022 4887
15 6039 4965 1756 7879 3473 4454 4565 9318 9170 6509 2522 7157 4580 4823 437
33 1269 6004 3632 3026 1106 617 9475 2044 7315 3981 5619 6562 3534 6833 5529 3997 3241 6047 1165 4936 451 8771 4609 1130 5759 9067 9434 9690 8168 1732 7235 5760 8377
31 9581 8699 1054 5732 6398 1079 9242 5713 5962 2292 1166 6883 320 7164 5956 6204 1053 6174 4097 4954 2149 5832 1719 5078 1185 5095 2764 3998 2450 6080 5147
19 3743 2006 2539 9549 152 102 6989 6716 9612 7080 3845 9264 8212 7615 1956 644 5876 758 9829
8 6321 7194 4694 2485 2226 4900 2255 2445
23 8559 6740 5562 2769 7502 399 3948 4473 889 1224 6339 3412 735 1373 3244 8944 8769 5927 2120 6621 3388 6595 6518
27 9979 6747 3510 2896 7208 552 1181 9070 5014 4638 8193 1255 3645 4330 402 5502 2237 3516 2524 9502 5459 7059 2656 5874 5735 1939 3097
29 5381 8739 1804 9769 1386 9492 6638 7912 5701 2667 9027 2035 9238 8293 6179 3182 1248 9278 2016 8954 6847 6600 2491 783 9296 430 3734 2618 7252
17 741 627 2074 2212 7139 6835 8012 941 2188 7850 7705 763 5542 7950 3987 4013 7938
18 4829 5815 215 6301 194 5470 4739 6459 5793 359 8356 9076 1172 525 4269 4563 948 8543
24 5304 1651 5887 5756 5453 7448 2675 934 3621 1692 1292 4772 7904 9079 4899 3525 1432 3519 2454 78 3613 7969 8371 8433
30 1735 8021 3603 7690 2140 657 115 8062 6932 3811 5163 1282 4777 5292 6940 7743 4165 4688 1894 9356 2826 2030 9606 7639 236 5544 9338 4695 9937 2172
23 3025 6558 5748 6186 7579 6967 3439 8028 9160 8446 9163 9863 5032 4876 1375 8532 5828 7295 5130 1801 1808 9827 2755
23 8204 5112 3129 3108 9524 607 3940 1211 3843 4117 1429 6930 2909 4394 4264 8383 4543 1709 5984 6086 8362 2757 7482
25 2941 3138 6125 1201 7492 3232 9836 8505 9167 6684 4106 6974 4647 8627 3844 9594 6320 7970 6890 2624 8222 2196 5159 1976 962
21 583 7704 6951 3602 3594 6101 9165 2377 1620 715 5074 5256 5201 6059 9103 1383 7939 9218 1853 905 8047
11 1528 9128 5214 2518 6454 5187 2217 9742 8243 2966 5441
22 7640 4959 3092 8554 7710 5584 9889 5238 8851 6106 8918 912 2546 6897 8545 7072 1926 2834 4468 9312 1007 1022
17 5649 3468 930 175 4623 9054 1461 8307 5999 4906 1624 5080 4560 149 1405 6400 7760
10 8342 1192 5475 4462 6233 4488 4022 8070 9970 2208
17 5406 5875 9012 3875 5602 6526 1352 3205 8968 1085 2643 1288 5399 8877 8939 6626 4592
32 1353 8209 442 3199 2000 5724 2602 6331 2048 9038 4014 1259 3689 5763 632 6347 5826 3956 3577 8349 9618 6867 9294 9145 6693 9486 1822 2880 2389 7011 2276 3569
31 4495 9137 5771 2056 1913 5241 5622 8486 1979 4821 9810 4942 8250 2955 6292 4963 2500 4945 6623 5755 6049 3941 5429 7087 5119 7035 5972 6330 4911 4490 8453
17 268 5572 1221 9654 378 2919 7642 4724 711 2648 4689 7806 7453 3028 5179 9354 4120
15 585 6110 3354 57 2754 4070 1623 6046 8893 4570 2604 8311 3698 3571 5504
27 8840 2899 1955 956 4629 2984 9478 2972 9208 4628 2765 4358 1502 1727 703 7313 5805 4526 4581 2705 4721 8483 2878 9660 7310 5811 7146
35 8102 5487 41 2305 6392 3433 9897 6333 2272 1428 5004 2956 2299 545 2205 3963 5558 2295 2365 1083 3581 5142 3309 804 2823 2307 1133 58 3715 8443 3871 7489 2839 5265 142
11 7141 3758 6255 1503 7382 8937 1686 7387 2095 6344 1855
20 3471 8848 5541 7172 3453 1146 884 2202 8734 4284 5688 4408 6177 8482 2772 3107 1226 3664 8710 3528
24 3030 6924 8440 4003 4065 2693 2621 6231 6240 7626 2903 2892 5738 7094 416 4612 4676 6343 9891 648 5896 8607 1573 224
27 5598 9996 6202 3585 8085 9527 1349 8190 8485 5009 8801 4072 6085 1468 8593 4947 8583 8810 3955 7155 7185 1351 9047 9648 8082 3111 4929
25 8406 4546 3334 9702 2482 6871 1152 709 1937 8500 7422 5219 536 133 3494 2478 1286 4333 4110 2342 8124 9069 6934 2879 89
18 2008 3951 4109 9105 5303 9949 4930 6013 5116 8237 8562 6157 2844 6171 26 243 7910 5067
26 8395 902 4836 881 8542 8953 3851 8760 5768 6451 9767 7781 8725 4235 1533 8003 4964 2672 1694 454 1847 7751 901 5865 8122 9536
29 2020 9985 2881 5539 5036 7041 4300 1859 9975 4767 5770 9074 8109 1681 2513 304 518 6678 9055 3187 3889 7022 2194 7530 3014 8327 1080 4145 4103
16 3693 8566 5920 3906 8854 6336 6698 1110 7604 6865 5610 1922 7031 8508 8900 1642
26 445 1593 6307 6718 8419 6438 6261 3949 8272 2885 1348 1639 5208 9421 515 9718 2190 7063 471 7280 620 3109 3456 5121 7600 2134
18 6724 6735 6360 7683 5783 4007 5050 5169 2407 2234 3225 6687 7151 6573 6257 4018 391 6278
30 957 8435 3188 5711 1474 3418 9561 6297 5301 8534 5694 4569 8289 7886 5420 4176 7016 9009 574 6419 6017 9414 7644 9931 4161 4444 7165 7069 6087 9304
7 5716 5948 3910 615 856 2660 3848
29 3281 5113 206 1830 1729 4481 9546 9394 2790 6925 6751 1199 5373 4032 5072 9902 8668 752 784 441 4760 3683 9243 7722 5342 4641 3898 7111 2271
21 2912 8055 2657 4107 6173 46 990 7301 8214 5709 2359 3508 7930 6531 3206 9959 2629 3324 3134 6458 707
28 5341 2714 7648 5686 6141 8112 4862 5400 9652 8316 5306 6452 4533 9442 1818 9848 4961 9730 8315 1950 7826 4589 6166 9197 5928 9024 1347 4846
16 3103 2079 2455 5955 5779 5371 6980 8822 6720 8894 1927 5812 7079 6433 6113 7404
28 1978 3196 8786 6220 3270 9065 1346 9809 4105 6659 3782 5041 8764 3714 8960 1814 8258 1485 261 4166 44 5707 1216 2298 2608 8519 343 4891
18 297 1874 2209 9987 5094 5689 614 894 6072 4151 3226 5275 1481 6895 8195 623 3480 8374
16 2986 6884 4761 3114 8421 6346 9481 2558 979 2557 6463 2131 7625 7772 5854 2300
29 157 4428 9282 3816 6503 4139 8742 9159 8560 7274 8895 5481 7363 4915 6478 7012 2085 2785 3582 8476 4738 3960 8974 8999 4735 4446 3858 4354 3259
27 7862 9636 7901 2817 8378 7988 2122 6681 2561 7788 7651 6827 1596 2403 4341 6766 6109 7124 1483 299 8790 3529 4931 1658 3218 7307 557
7 4214 5034 332 5156 9209 2385 1880
14 7119 7575 1670 7728 9580 7240 3505 7606 7517 5407 296 9669 2032 6063
27 3149 9920 5516 1963 7994 7096 7633 4491 2043 1096 5247 2938 947 7195 7262 7538 7800 45 4030 4614 4216 4508 3681 2334 8384 5362 5758
26 734 1984 9469 3050 8989 3663 1676 4163 9849 6181 6581 2715 3379 9244 2868 7721 5412 8663 6401 7978 5022 7906 2819 8163 9196 3825
16 1888 6199 209 9251 6397 6432 4218 2242 4380 1720 8441 4968 7985 234 4790 3042
17 4346 7180 7406 6942 6764 8995 127 4006 628 6732 9597 4108 4510 5392 5637 5790 9178
27 4948 6159 9944 448 9179 7732 1738 5603 1016 5317 7635 6802 2104 1775 8117 2891 1675 7084 7980 265 6828 1829 75 3703 4079 7641 1948
9 2576 7325 362 8276 5889 2914 3945 8238 1139
8 4842 4885 6208 4029 5690 2652 3930 5903
20 9283 2538 6296 9640 9795 8575 8609 5952 106 3086 1274 9840 9350 4859 6976 7742 5942 4348 7001 2117
31 9216 8459 1267 3058 1175 5799 9273 7555 9639 9229 8721 8470 9185 5767 1941 3967 6938 3344 1895 9098 3153 4650 7268 341 7814 729 5177 4904 5817 8333 9796
25 9523 1860 1177 7337 4645 5913 7466 6279 1561 4651 9758 8400 5249 5577 3392 1618 5164 2965 1704 2582 5348 4741 1935 4310 2273
18 55 3990 1208 1416 1832 8471 9788 9173 8202 8971 973 1091 6496 2843 2492 6782 9673 9472
30 1664 6658 4794 1908 8940 8379 2527 2415 6041 6389 9333 1783 4075 4251 3262 1666 2350 6937 5989 3716 3240 1440 1848 8866 1379 1398 6461 9390 4049 4268
30 29 9052 9806 2216 7628 529 7019 3261 7515 4031 3895 3584 280 2498 5031 6540 6006 4289 8669 2215 8365 5178 8732 6108 322 7073 8278 4451 1758 9766
18 6961 4260 481 6128 4520 5597 6079 9605 7032 8600 7105 2381 9257 251 4197 2103 7731 1213
12 6541 864 2973 2338 6402 5043 8303 5272 371 3797 107 1558
27 1833 7230 1959 7787 1046 8595 4552 2260 1051 2835 9785 7672 4135 4745 8883 1657 4461 2858 2378 8295 6941 7175 5685 188 3984 3033 1006
21 622 8376 5540 640 611 3366 7276 403 1081 2395 5792 7498 4654 6713 8571 3837 1479 6994 1718 2441 9573
27 6228 2357 8462 2717 2110 9303 7763 6953 1394 2197 8873 7385 1780 743 1032 2091 1390 7343 8455 7427 6944 8321 4185 2286 2280 5944 9172
30 8950 2512 482 3445 8035 2802 4327 9641 3228 8662 8017 918 2109 5191 8775 5484 1850 139 5590 2733 4946 7095 8623 7845 4261 2354 1195 3860 9577 4042
29 4494 6493 9813 4246 9625 2952 4171 6380 3839 8257 9553 2548 6375 3561 5527 9403 4660 9664 5098 8305 1156 4928 7241 2046 9668 5446 3928 8870 3346
27 568 6457 3368 7085 1684 4585 4643 6618 425 5099 1389 9077 4219 5929 2535 5872 4518 3416 8920 3484 5068 6027 9049 1093 2540 8152 8089
23 4143 4781 1002 3685 4916 6920 8099 2611 3501 3813 2584 5258 5165 3730 6487 7694 7983 1490 3637 2138 480 7888 8862
17 7561 8586 2718 788 9427 1043 6317 4841 9971 1136 9936 662 1958 8541 2421 749 3619
27 541 1372 1588 2605 4020 922 2105 9647 4328 1710 9370 7334 249 7189 6131 2719 5552 8442 958 2022 7584 1696 8777 4303 9451 8319 2897
26 7399 4706 9255 7196 6762 8266 365 3731 2740 6975 5675 5419 8524 3455 3897 7447 2367 5339 551 5945 1028 5048 2689 9909 4040 5646
27 4379 7471 8832 4482 895 9537 7730 9156 2220 1197 4802 5340 8544 7566 6730 1854 3959 7646 4849 1171 5842 3179 9206 452 9787 5334 8850
4 311 3539 6644 8429
32 5885 2536 8328 3411 6316 9620 6648 7239 8244 1590 1031 5122 8969 2433 6590 8495 8045 6038 5987 5585 1404 8639 4780 6770 6986 8507 9488 1454 4542 5449 9776 6096
31 3988 1630 4255 4666 9118 4123 6082 3465 2374 6345 395 3474 6165 282 6778 1786 877 4000 5084 2363 3884 3192 2631 9622 4199 8724 4242 7968 2238 8123 8331
33 6115 1438 7792 4673 6563 7092 2696 3345 1521 7715 5076 9980 2921 8366 5664 151 1911 8993 2398 7790 3256 6572 3171 5938 8706 9443 2980 2807 8619 9674 1641 6853 4005
11 4150 1024 8309 5663 1797 7284 1706 3996 2101 9529 1284
30 4637 109 3989 6338 5621 9538 8037 8652 2108 254 5941 7749 6726 8903 6137 7549 1314 1167 6880 1919 1126 4427 4102 2294 966 3600 579 1931 5280 1410
19 2356 1773 3396 2497 4938 7847 7777 8719 8753 5200 3820 7431 5354 3143 5533 3012 6750 8308 4987
19 8962 5237 4421 8146 6425 5012 6048 896 5838 1143 8478 9034 7304 3598 4419 9764 5798 7756 3120
30 2869 5743 5295 4869 1647 5433 4326 9075 8827 9089 6134 9479 6982 8646 6820 3406 3353 855 198 8126 9108 1426 8411 7559 8090 4424 5055 8558 8001 2813
19 9084 7210 4815 5892 9190 233 7630 3521 7047 4438 7892 1782 2446 4671 3248 5750 3405 495 7460
31 4090 6329 2511 5120 846 7922 9576 2355 7513 2174 9226 7654 7872 2137 2154 6785 5565 6798 3628 5271 1974 8498 8526 5618 6679 2747 1536 2961 790 4140 8147
18 24 739 4112 199 9871 9738 6222 5452 5001 9998 8692 6692 67 467 6859 9762 1268 2620
19 768 8073 1206 5679 6378 4343 2762 2068 9212 8841 8872 8197 4708 4039 2459 8651 625 5918 8994
16 3654 5284 6539 4237 1999 727 5925 4631 5066 8914 1366 6311 5825 9277 9309 2411
31 7952 3208 3947 6475 7174 9068 9948 4819 2977 538 2532 37 6332 186 5421 7326 2871 2688 9855 7852 3217 6050 5030 5197 1526 6700 3002 12 8363 2876 247
15 372 1406 9602 9628 6634 8795 1733 7342 5861 6746 463 8620 9006 7237 8563
21 961 5213 7779 6319 694 5102 8565 8172 5722 9352 7225 4116 705 571 1225 667 2905 392 1207 3994 5723
30 2695 9452 7372 935 9180 2930 3326 5847 6416 3646 1448 4085 2268 3201 5635 1947 3599 7260 1730 1205 573 6992 6508 2136 4230 8818 4295 1258 4133 1378
31 5717 2123 9385 8079 6034 7162 7344 6902 9729 461 1104 890 3925 3293 1277 4621 1446 1906 4513 2701 8569 4169 1708 630 6545 869 8717 8180 6010 231 4286
18 7956 7329 8198 9705 8772 1529 9732 450 3019 351 5762 5617 6964 4504 3287 3591 5682 4047
13 2559 8736 1030 168 9289 3760 3503 6632 4288 7390 204 5125 3313
20 9799 9649 2401 7572 6749 3220 9202 4605 8101 9232 4939 816 9734 3150 4043 2936 503 5742 4339 1722
12 6706 7020 2198 5566 1873 753 2653 2362 4838 3297 3705 6152
13 920 1803 2184 5725 5670 6211 7935 5715 1027 2376 7714 2113 9317
31 4894 7891 7373 7686 6078 4371 7761 7829 9837 3146 1584 2042 2923 8299 3841 213 6490 1382 2325 4500 2517 2968 3243 9115 2490 6731 3280 6664 1242 3497 3586
25 9140 9463 4665 1994 1580 4297 7232 5422 1355 4063 5914 6363 3977 4997 1342 6636 5550 7835 2038 7706 6005 8230 3559 797 7115
29 84 3311 2495 8219 3583 6216 4593 4744 6850 5211 1781 9783 7564 9225 4210 4191 5321 2344 747 888 5728 6876 8249 4445 9332 6931 383 8171 2225
20 5693 3608 9072 4578 9958 9327 8381 2494 7895 7828 5330 8570 6594 7244 5855 7976 325 6748 792 794
10 5424 8024 3779 1399 5813 8683 6084 6073 4156 7058
9 3578 7113 4853 6839 2319 7972 1327 4296 1562
16 1135 3767 8885 8528 5467 7540 60 5796 5468 5395 9168 8613 9614 9993 5390 4292
19 3555 5858 3541 780 9314 7759 767 872 8235 3010 1059 5752 9129 4554 3518 1962 759 4319 8301
24 9550 3325 7762 4397 1944 235 1810 1029 9941 9541 7966 738 1183 4950 6230 7396 5246 2628 5489 3687 6881 401 3064 6405
21 1005 7129 5996 9633 8991 9681 1902 6213 4356 9963 4347 2011 4550 9420 8027 7506 2583 2098 2697 6016 7953
31 222 7993 7314 35 7438 9604 9731 8631 7516 9882 9896 2417 582 8513 7417 6483 7982 7299 2232 2047 9279 468 6812 9525 7053 1367 7204 9922 3727 3934 2211
26 1040 2788 5425 9562 2731 3721 6597 379 6808 3877 8576 8673 6522 4322 2413 6227 5231 6100 8409 6256 3942 390 131 6417 6445 2964
10 1105 1111 422 8806 1168 1458 4857 2346 6441 2544
15 5868 5358 7638 9485 9743 8194 3117 9284 3694 8605 1064 6959 6840 8138 6241
30 474 4414 1524 6710 9018 572 2434 5082 7558 4989 1790 4734 3924 4073 279 3447 946 814 815 3242 9415 8084 1661 4458 8061 6032 2457 2253 4883 9184
26 8329 3575 6804 7236 4705 2997 141 560 8981 2702 6056 7296 3339 4378 9480 7352 5326 4810 4548 9063 6667 5316 1473 7029 2019 2509
28 375 1013 3317 4228 2999 5287 5045 9516 30 2366 1907 5556 9917 5357 3982 2851 5739 9017 7688 6226 9953 960 4324 5044 7039 2210 3589 8910
28 3253 4693 493 290 9819 6196 6270 1746 6283 294 2958 2057 3722 8911 9462 6033 676 7418 963 2894 5518 3056 440 5623 4697 1677 4332 5745
6 4307 2738 6053 4011 1744 4321
28 9449 2031 9419 66 7278 2406 5514 2612 3075 7222 7645 6437 1516 8961 678 2308 3198 4212 5924 1881 6153 8849 8454 1161 635 7395 82 2203
23 3869 3257 5636 8285 5620 9064 751 4541 1494 9505 8058 7843 3421 3547 4582 232 863 5910 9460 8829 4239 5840 1545
9 8640 8262 5480 9921 9814 6637 7577 8226 7700
31 4435 7512 5554 4285 596 5662 1331 4400 3165 9566 3798 5959 9056 484 5023 7351 2051 2256 4681 420 414 5333 3769 8751 191 4983 9642 900 2310 3408 6650
17 6807 5387 7347 6904 5862 4335 3004 5257 4991 8525 9984 2836 9371 6112 1614 1052 737
15 8670 6793 6995 6564 7500 426 5932 1158 1507 6193 7973 2318 2998 5895 3883
29 7928 6135 9627 3739 7882 9062 883 5062 5133 1980 8693 6682 5157 6777 8039 4012 9989 4505 5594 3214 681 7024 2096 2372 1809 8499 690 5398 1569
17 6198 2641 9316 284 8681 3879 7203 7010 1968 4249 2373 7147 7264 4501 522 2815 5020
23 9675 8158 9845 8653 8546 3905 6775 3699 9378 9643 1740 5655 3078 5506 6949 9807 860 1788 1662 2593 4220 5718 3289
22 9325 4583 6756 6029 8348 7916 9263 9133 9822 2547 8111 7519 4837 8919 2353 6323 3626 7996 1254 9938 8098 1150
7 1992 6849 2118 1997 6293 1817 2049
33 3371 9473 1121 7602 4202 4587 6705 9710 7636 444 5764 2766 3509 3173 8431 3101 9709 9269 5575 8491 6510 3385 4572 6779 4229 3563 1549 5797 1408 6334 8232 8923 3656
21 1515 8425 4184 1986 5511 3701 9375 7595 9019 5190 5438 1851 3707 7358 9746 2830 2080 8522 3113 6624 3688
16 3855 3651 6410 9104 7884 5228 1453 4617 6098 5451 3673 3271 6064 7529 9911 9868
17 7040 8458 6200 9657 9457 3215 2386 3434 6197 1785 5127 4577 7869 3350 9747 7977 5376
24 9393 3236 8203 2399 3795 6340 9617 9564 8300 7697 7361 544 4642 9141 5305 3606 4055 7389 4312 3824 3523 5647 6500 8054
7 5769 3276 9274 2904 6021 1430 2591
15 8518 9405 6304 975 4558 3319 5495 6313 4331 3531 9248 6156 2906 7592 9287
14 2384 1411 6801 6668 6646 6194 6768 2625 2331 5435 3035 1849 9770 6288
15 3156 9935 457 2382 7246 8951 2304 2288 101 7863 2786 1514 6246 1137 3063
20 6403 1949 7477 629 7081 9632 9611 897 459 7817 7967 7998 1283 8881 5083 6180 356 1068 3953 4417
11 6901 3640 3362 5417 7750 4033 5911 4712 8294 4771 9515
12 6831 5808 9556 135 3554 849 8306 6521 1760 472 1019 6721
16 1543 1605 1421 511 5656 9923 6719 1862 1101 462 8945 9859 6114 8749 4890 4646
10 6695 190 3773 1326 4493 494 7971 9272 1061 3207
18 7913 3475 9171 3802 2076 4497 659 1364 2052 8741 275 5313 2841 6556 4198 6543 2183 978
17 3442 5491 8902 9925 9708 5110 6528 1858 6690 1070 6616 5460 8879 447 3302 9013 939
21 117 8711 867 4784 8097 928 433 2793 3980 8360 4579 3878 7851 8887 4926 954 7597 3733 3633 6933 9374
27 8703 1323 4624 6645 8529 6484 4449 3372 6386 8261 4893 9790 2837 6444 4912 5687 1538 8778 6267 6773 6666 8561 6348 3838 8337 3812 8069
7 700 7948 712 6464 5363 3679 4158
16 2949 1609 3291 3227 6102 4608 1763 1933 9588 1285 1374 6322 7725 295 3880 5672
14 2135 6150 9869 6818 7152 9158 189 4074 5909 1322 2644 7653 5416 5979
6 713 9864 8088 5653 5857 9326
27 6412 4208 8573 989 8791 354 8151 9833 8780 5101 4921 6235 3145 9471 9571 1765 6792 9439 5096 6291 1287 6981 906 2224 757 4803 4725
25 4377 666 7534 202 3597 134 9490 7627 4746 8907 5220 1124 5128 3427 3059 7593 650 3486 4670 6788 2193 8156 207 3514 9916
28 2247 6123 200 8536 1685 9127 64 8909 8687 7573 3765 6223 2370 6423 5268 2086 8361 5383 3076 9386 5873 1157 7767 605 598 1909 6051 8847
26 9563 9852 3068 6012 164 92 9737 8667 1568 4470 6306 8141 1125 4512 7541 2859 4252 8340 6217 3856 5774 3310 1576 7374 2770 626
30 9305 1492 5089 718 7934 6537 1509 3770 4195 9228 2760 4221 9022 7842 3359 6996 9547 851 8966 7247 9096 8322 5081 8456 2827 2816 9413 2337 6 1020
23 3696 9109 7048 1330 2054 2125 5391 9384 8127 9113 6661 9932 7354 8776 4146 4766 7989 2145 5839 8174 7946 1805 5631
20 769 5227 1674 6836 5712 8059 241 1487 3393 7812 352 6103 4282 7920 4711 4851 1834 5364 4710 1000
25 3444 3249 9503 802 6903 4205 2979 546 7103 509 4224 1875 384 262 418 9726 9162 899 8925 9432 7676 5474 7943 59 1646
15 273 6485 1489 4507 9954 5463 7 7696 3423 6007 1403 4785 182 410 2818
32 3167 3596 277 1240 2570 4035 9262 1256 9357 7037 5901 3775 4515 9994 2341 1747 8748 8750 4597 9060 2283 1092 7426 7336 4972 9609 4522 3950 1312 2890 8808 1247
31 7463 7435 6786 6265 8868 7034 6026 1232 2661 1109 3203 7907 8506 6120 6696 8492 8218 7125 1265 985 6371 6525 1354 7833 1552 5311 7300 5494 5749 3458 3125
17 4855 8489 6741 7102 2577 8615 4344 382 524 1396 122 8009 5274 9183 8842 3395 9740
29 7401 9402 6669 5212 3565 8768 633 7134 3429 5608 4426 7488 6824 8745 1606 331 6860 1017 3355 2617 2895 9883 8387 5845 9007 6955 298 3043 6260
28 6783 3147 8493 4111 5040 1861 8976 2153 5904 9470 6846 5568 7822 1901 5139 5195 1574 9041 2759 3745 4484 3180 3140 9781 5659 6723 2929 7789
22 5299 3005 6206 419 1628 761 7245 1631 775 7679 6610 7359 652 9059 9373 4129 5591 9749 7356 5046 5538 6870
27 5192 3197 4935 6473 2442 5135 8882 5837 2884 4699 3247 584 8598 8291 5097 285 5607 3805 2155 7838 7917 7251 143 5551 8641 5150 6170
7 4059 7687 7804 8819 6395 7667 4325
26 7861 9090 9965 4064 4782 8831 6512 8761 969 7764 163 6680 8661 5000 3908 3881 5893 367 5206 1333 2728 3274 9369 4041 8279 7601
30 7429 2233 8370 3083 5240 5917 942 2745 1846 8869 5033 7770 5684 6921 7009 1435 1982 6289 8811 7419 3178 6516 2685 8281 4691 955 9650 2487 4865 8700
24 9707 5727 513 4048 3750 9136 736 4442 5073 6813 9663 7023 9531 8802 5869 6702 4399 1698 8267 6606 6715 1230 1619 3284
6 1315 817 4910 1904 1 7110
18 5300 7114 9320 9830 2934 4940 3169 4089 7271 8026 8788 4700 1095 1419 2794 7042 9711 3380
15 7929 726 364 7153 5677 6315 4118 1795 5524 8100 3162 4927 4393 7138 1015
34 4618 6502 2143 502 8614 2464 4749 2160 1583 4274 5564 5824 5289 9881 1840 9157 543 4634 8268 5002 4259 8314 8081 7177 1707 4148 486 3957 8282 6266 4545 2322 170 6221
11 4058 699 1869 306 4811 6533 9241 8980 4506 144 7795
33 5086 1170 1697 7000 4656 5642 1294 177 9900 886 2842 4776 408 9366 8129 6734 1154 2451 1988 2655 8201 2579 8626 1484 5974 8942 3787 8735 8 4886 5661 6997 3969
13 7013 9231 1629 6854 2360 8010 7815 5325 3303 3094 6035 8722 181
29 2061 7889 1142 5957 506 6969 7191 2797 8585 1787 7794 4768 8755 2213 5117 6286 5863 9423 1385 3301 7168 9873 1025 5581 1495 6524 3440 910 8947
23 9619 1113 4630 1233 7380 225 9684 9234 8263 8075 4594 7614 8857 1047 9661 112 6948 3136 528 2699 63 4627 1626
23 1138 8302 245 9815 2916 3057 7548 8597 5579 1595 8644 6757 1069 2541 5965 6653 4757 5599 9417 4923 5077 4540 1359
28 8878 8274 7434 4372 4021 6247 40 8638 3691 1368 7755 2228 3574 5992 9533 8199 1990 1035 1811 2158 8270 3464 9552 3349 9568 818 3535 9638
12 8731 3579 9267 8816 3842 8034 823 1263 6744 2749 5993 5573
21 2917 7287 3865 3833 5593 2343 3432 8511 7006 405 1882 4632 9665 6988 3630 4817 3252 7568 6492 1837 7733
22 1335 1784 873 412 238 4316 7454 4144 3299 220 1615 6760 8405 7979 9567 8451 5047 6918 4531 8674 9396 6350
11 2316 7108 6630 5394 7809 8891 1542 8463 1261 1082 7649
31 4071 7198 697 1655 9464 1281 3759 649 5915 121 9789 7167 9143 2400 1946 4805 3356 3300 556 8004 4640 3273 9535 8221 6761 4308 5331 1653 8797 5415 8921
6 303 3358 4773 9856 2071 2709
28 3307 789 9030 9634 7494 4986 772 97 8339 2534 5172 3141 1471 6262 3748 5183 9653 6351 6651 1103 9253 9437 8352 8369 4759 4273 3903 3618
19 6815 4984 530 2783 5054 2781 921 2291 2164 7145 2645 458 8553 6384 6789 1903 3110 795 3478
16 1305 567 8548 9926 2992 1634 7386 4966 1246 7071 1764 7954 5051 13 6665 2597
19 6263 1637 7224 3200 6742 3414 8188 5576 6081 3909 987 9000 6238 4052 4180 7702 4901 2243 2691
19 9888 9046 2711 1527 4088 7464 7291 803 1957 3407 9391 3835 460 3151 6991 2516 1055 8582 2508
13 4008 19 8774 533 3398 8403 8804 7118 1768 3624 7267 1123 6527
9 6916 6189 2293 428 5719 6538 2776 4027 6285
16 8310 3527 5189 3073 8856 9182 6480 2543 230 4907 4266 6290 7547 8906 3962 2430
25 4078 2942 8574 7876 3666 1667 8504 5088 7309 147 7078 6806 7689 8105 7587 3449 5104 77 6970 841 94 1388 4448 4524 4557
15 9976 7028 5006 4686 5158 1215 9466 1523 23 3071 8139 7228 4267 9834 5404
8 5445 5615 5369 655 6352 3047 5091 9569
26 9913 5954 4704 704 5374 8809 9687 819 793 4730 5851 264 179 6701 4598 3576 7412 7717 8076 5731 9942 5588 3255 3417 4374 4622
10 2883 8557 368 1325 5052 7582 1463 7542 7362 8865
15 9847 8290 8784 7312 1460 8173 2368 1943 8864 2402 5864 4096 6488 2345 7206
32 8758 3430 3036 5263 292 7811 2115 1504 2315 8481 9939 72 9955 7062 5401 4678 7514 9149 1807 3927 5788 5741 6057 2252 4896 5242 9120 587 3335 2227 4416 9476
26 5860 2589 4164 4807 2982 6024 8412 5260 8229 5070 6462 2994 6891 9725 3568 4692 801 8041 5365 8056 6124 2592 7126 2750 9700 2586
19 8708 696 3601 4720 6498 1557 169 2473 5553 4361 9885 4861 4908 3914 8648 3378 6368 994 4186
14 2015 211 5426 6178 1748 8150 3174 3269 693 7620 2768 2004 4253 7522
19 7657 4387 7546 5347 6729 646 9035 4384 1412 1299 7894 7508 8963 1420 7305 8074 7402 7407 9824
17 4601 8029 5890 5699 3840 6985 7684 589 2069 7038 2953 7257 8145 504 8943 3965 2463
33 3549 6404 7768 1843 7698 7211 660 4709 2290 7931 1598 3127 2034 3847 453 512 5877 3186 7893 2708 1616 6852 3034 2222 5657 5252 9745 7350 9307 1141 2521 2845 5571
28 9003 8932 2335 7086 7323 9164 1835 871 7275 5994 7266 5692 2861 7392 2358 6396 9119 6406 7388 6797 1877 54 2361 8501 6148 1951 9771 9336
9 6381 9347 1363 3614 2486 6725 5900 1510 2221
8 563 3338 8220 6243 1067 5138 1304 3644
6 2571 8630 2915 9927 4476 4338
30 9514 5218 2230 1518 507 5830 553 2809 8182 4675 3085 9542 9867 9348 9704 4234 1769 8931 9399 340 5791 3995 8861 1380 7083 9014 3422 7586 5931 2169
16 5440 3918 8892 2440 9345 6652 8671 2665 374 5899 8014 2121 4884 5092 8284 7061
28 1757 8484 9495 6922 9450 3789 9678 8523 5193 636 938 490 2694 9821 9233 6928 9899 673 2849 2066 5935 1153 4611 6546 2185 6676 5471 3021
25 6670 7156 2957 1260 2825 2171 8038 3031 1876 2175 999 7497 576 1270 1691 5961 3048 8836 3954 7008 9850 8386 9259 5977 976
13 9752 1384 4194 7580 6474 2409 6580 7746 3609 8510 9379 9607 1555
23 5497 7186 1778 3292 7106 5880 4517 9667 8584 3662 2575 8457 1916 1076 4684 5266 1044 2946 7136 5536 5162 6507 3562
25 1097 1407 9412 7255 6984 6023 6251 6172 4236 4677 1934 6743 5658 684 1525 5605 5639 577 3020 1356 4054 2976 4795 7163 8723
28 3607 3409 2626 9144 9757 8796 4659 4607 7425 3622 4828 4278 8444 6641 5380 9880 8115 1298 8354 532 8986 4534 3189 5595 4122 2926 1084 2888
17 677 9733 1100 212 1491 9477 6009 3729 3926 4178 2616 5423 9986 6631 6534 4962 5248
31 9679 7864 8978 4830 9751 3102 4130 4398 7197 2467 5708 8550 9800 9351 1753 1291 7708 7832 7914 3796 3634 5126 4943 9308 185 4791 1825 1585 2671 7509 807
20 3629 2166 7379 8973 4441 1338 2568 15 7796 9592 239 5210 8779 5167 2364 1056 4081 6549 785 2951
33 4094 3049 6068 9631 1777 832 8191 2673 3785 542 9438 7221 3476 5278 6605 2595 8691 5785 731 195 9688 8846 9086 5277 5346 2379 6468 4797 148 9461 3172 7166 5108
13 2920 7711 965 3717 1272 3502 2732 2394 691 9655 847 9377 3224
27 9409 9166 1251 7446 4115 8530 3082 7816 3746 8288 5302 9644 7368 3893 1690 6234 929 2003 2676 6945 8716 9465 2725 1952 7611 1713 8019
25 2720 4873 3572 4863 3615 1845 1537 1942 3946 138 7490 4062 6888 9884 2580 1320 6129 5997 4466 323 8468 755 9220 1636 8934
7 6277 6139 1530 3017 7444 8108 8596
34 5235 8149 6155 3105 3191 2060 3435 5695 3451 6237 1644 523 4206 8103 8743 7205 5804 8917 9826 8234 5733 6588 8604 7571 919 868 2493 3642 8223 5884 6889 1823 4799 7681
22 8477 2297 6910 8540 126 1519 4970 3912 8049 3448 3074 6714 3801 3548 7526 2249 4808 3041 4383 5973 4281 3723
30 7475 9820 7585 4153 830 2181 3477 8785 9151 6907 7234 2601 9724 6728 2506 2978 6326 2084 7192 609 6037 3834 5843 2002 5784 5454 79 1086 9004 3533
9 672 7810 8967 932 7202 6019 4556 7410 2658
3 8292 5991 7678
4 8773 7940 692 4471
21 6002 3708 7926 5532 4092 9043 2351 9448 4175 4262 3876 2873 7981 810 3254 9217 9960 8959 7335 8898 8740
10 8890 8345 3387 3081 9245 4095 2114 1987 3890 3887
29 4742 6529 9401 8382 6413 6739 2937 5866 7282 6476 821 3499 130 6848 2722 740 4591 3277 9894 8845 7623 7518 8114 8825 5814 9977 302 6210 5937
15 3055 7398 4833 7574 497 9497 6062 1872 6582 4329 5883 2289 9918 2165 5173
28 1178 1977 5170 5100 3133 8296 2898 3862 8871 5569 8450 7823 7866 8807 2596 3389 9148 5414 2650 1703 5505 176 9775 9446 7739 653 5312 616
17 7070 2424 7428 3462 6550 9341 708 9539 2866 17 5776 411 7348 8053 455 5293 5665
20 2432 4877 6164 9586 7883 5428 8876 2240 3230 446 7803 746 5269 6074 7238 3781 4729 7281 9773 2724
33 6822 1512 2681 9487 9512 2551 6132 8800 3974 8843 1960 8547 4357 4009 4067 6774 914 909 8738 7327 4870 9456 631 5823 4864 1798 7469 6014 7215 1731 1456 5848 2848
10 7965 3655 7927 9349 174 6099 5485 3724 7783 5697
15 1867 6745 208 2578 4792 3648 7613 8572 706 8372 3780 8488 3069 1350 7441
37 7499 6662 2975 6420 9002 475 6089 8695 8164 1220 9701 9823 9694 3285 3992 9919 4125 7552 733 9739 5427 5270 80 1188 8625 8256 1600 3517 593 3520 7855 56 2610 1928 8260 1293 9507
30 1273 7612 874 69 3885 3051 8353 2640 7729 8820 6104 2933 4460 5625 3660 4276 7897 2097 4619 2371 6617 5641 9961 9794 1726 7183 756 316 8087 1705
8 6252 984 1864 286 6566 8125 1048 1339
19 3580 3148 7355 7149 4407 7101 9250 7591 5430 9582 5319 6295 5493 6015 3040 4364 4568 8941 9131
16 3817 3333 4084 8464 2651 2900 5124 9346 389 7951 3522 9792 8744 4277 2200 9176
29 4758 3540 4196 3544 4613 1465 6584 8273 91 9964 4433 355 4566 2808 2438 683 242 6604 3511 3391 8473 8975 5898 9760 2692 9887 7997 9915 8897
8 1560 3826 2642 5182 476 8397 1191 6613
7 8175 8965 9392 9080 6810 3650 8330
17 5335 2296 5710 8448 3616 8368 9138 1725 1912 7122 5141 5596 5410 3665 7537 9721 7223
27 1066 2324 3176 839 2639 9135 8555 9570 1311 4871 4937 6548 2504 214 4547 7521 4674 4960 6264 9519 1594 7673 5203 7311 2090 5063 4124
23 187 1228 608 498 4396 3054 5766 8094 8996 8815 714 3231 4272 4082 9509 4023 7780 5461 1262 3792 9608 2550 4157
28 6663 2603 3424 5017 8747 1884 4485 7043 6359 1297 9482 4559 129 4060 4620 8709 2102 9683 4827 9791 5747 479 1813 1599 2312 3128 4909 2773
10 6031 7097 559 3315 4244 2206 2444 6683 2960 6517
19 1776 8020 1564 8637 4376 8128 376 3784 674 6672 7075 7992 5276 2219 5431 6310 1602 5666 805
25 423 1883 8979 8346 8133 5234 9832 2613 1511 9132 1455 7984 7415 2191 6830 4971 1611 3235 9174 4480 7478 257 7476 1118 7937
27 606 1447 2742 6409 4291 2927 6809 9364 8782 9817 1431 7091 8516 9498 8549 2204 6309 9500 3800 9491 3001 8206 937 9714 9146 8210 4243
26 719 5352 4034 105 2173 4561 3135 7046 2563 4804 8763 3336 9431 7531 9835 748 8537 1397 8707 2877 3327 5978 2922 7133 3712 6185
10 5324 1414 6168 5090 1792 8071 2767 3492 750 5953
21 4839 7140 8277 5757 7554 9511 146 9981 8938 4415 2025 7987 3610 2846 7949 4121 3776 7974 8153 7655 2055
9 5970 8783 499 9754 4985 7403 6829 3917 6960
31 4309 1838 5466 8410 2235 2077 7840 1369 4888 2388 5021 4209 2479 4279 6513 9978 8161 8006 2619 4952 4509 9365 2638 2886 3238 8196 2152 9032 4723 9517 7173
19 519 7293 4170 3381 3536 924 4155 4370 9053 3711 548 9540 2775 4967 6978 2449 263 3279 1212
34 7957 9406 4575 8338 3375 1627 2741 5853 3098 2045 3896 4834 1532 2179 2040 4114 4498 2945 8650 9221 836 4004 5199 7945 3018 8269 110 7437 4813 2010 324 2677 8654 7527
29 2465 3546 4200 4349 2967 4806 4544 348 5557 3469 9322 8767 1310 3674 1050 1317 4881 2911 226 3852 1184 2974 5109 9008 2855 3791 443 9906 4662
14 7109 8254 4024 7263 7216 7150 2264 3210 7178 7132 5216 1116 2414 5071
13 88 5971 8447 4207 1601 8187 6244 5437 3790 2804 2241 3341 7713
22 4679 3119 3970 9195 1098 81 3496 9270 2796 2189 8475 7328 8496 9534 647 2943 3087 8880 7283 1751 6514 8022
22 5934 658 5517 9696 2167 6305 4639 8324 6946 4113 8928 862 9968 3761 6619 2218 6866 3115 2129 991 9293 7433
31 4525 1194 5377 3807 9410 2857 9222 6882 2948 8312 4832 4046 5587 6858 7735 8169 357 6167 1302 8264 2269 6520 4814 5065 5836 9596 1865 2862 9558 4750 5586
23 549 7320 1995 9575 4409 531 2831 2187 9101 8984 1309 1117 5105 21 1819 7819 6083 8933 6431 3006 6187 9331 835
9 2519 6794 5049 318 9872 9761 6407 7693 2053
30 9313 3294 9666 1200 7567 4602 313 6893 9177 4227 9288 3466 7857 8551 3661 3894 11 809 6816 9774 5320 8050 6229 8839 6499 562 7057 8078 5273 8113
17 5018 3245 4635 9382 7277 6182 9033 1250 8970 967 7493 6515 4337 3713 3627 8008 6060
18 6466 7455 2523 4920 3915 8155 8259 2119 3675 396 4247 6677 7924 8502 6591 1087 2130 3204
13 1209 477 4233 4299 4250 9116 3818 952 9028 7207 1417 6190 7391
33 3090 6654 661 6711 977 6886 6896 2320 9952 1391 7474 3874 6699 8705 6861 4457 4086 3832 1945 1119 7258 6577 5643 764 4275 7839 2443 6314 3500 1202 2321 1336 6111
18 6689 1227 8713 6879 3635 3328 5355 3526 6936 2005 5283 7160 5345 9759 4474 535 8666 5819
