30 6428 8561 4433 1192 3950 627 949 7605 5296 4931 3850 3431 4212 924 9367 8124 5622 9021 8082 1480 9965 6834 7818 5381 2197 4138 8895 9573 7153 7649
29 4801 4878 5077 2736 879 6746 8609 7880 7405 4736 7942 8562 3147 3317 965 9283 514 5003 3852 8869 5745 8101 1628 9686 4798 3734 2444 5410 7796
23 8453 839 9227 3462 2343 6292 590 2744 2161 5355 1694 9983 7990 3321 2683 3211 7499 414 2029 5139 7174 8683 9741
29 7256 476 6778 3735 1644 8651 5228 3299 9425 3487 5509 5550 1371 3629 4748 48 6968 5741 5357 2259 4778 329 5172 50 464 79 6798 9161 1397
27 7901 6347 417 9219 1907 9856 3326 1306 3532 332 9654 9179 8384 4128 982 9276 5399 1291 9521 151 708 372 692 253 2041 4832 6088
29 5370 4338 487 3953 375 6304 9571 4117 2132 3608 4290 9651 3812 8761 6220 4232 7129 3261 1043 6803 9298 4971 6579 2177 3943 5559 8070 5877 6164
29 8267 5846 6168 9076 2166 1639 9892 2917 1427 4124 3548 2720 1147 4011 30 8860 6768 5773 7762 6558 6118 4755 4176 2360 5173 6901 9003 5897 7911
27 1764 1437 6635 1745 5251 8726 5596 4083 9203 8628 8505 3127 6182 8338 3657 1886 1224 5733 807 7211 7311 8962 1978 1396 2911 6157 2791
28 9328 3878 5156 6983 6504 1095 1770 6218 1679 1423 5983 1880 2033 3377 9931 5746 6403 4654 5708 7646 4245 6066 5380 7457 2510 1288 3062 9192
25 9890 6425 1670 3278 9816 6280 4231 6419 3912 363 7522 9024 8688 5040 7210 1684 3751 2880 2210 2729 9065 509 9765 2349 9802
29 3611 3533 8513 8324 5258 5542 2642 4478 4017 4559 7536 1023 6018 6471 8348 4072 4033 4493 2625 6589 2958 3593 6986 3706 4196 4346 6442 1665 969
27 7735 4701 4318 9817 6421 4183 9406 420 135 83 6454 3798 3010 7276 318 7155 595 4911 4806 6645 9225 2978 9020 8117 7726 6960 3021
29 9858 9166 6864 7985 309 1138 9745 5760 1219 1849 9857 2076 387 1223 4351 3287 2485 5957 2164 1101 3564 9402 11 6 9962 9347 5621 4111 1154
29 5262 8125 4870 9079 2555 2801 6167 1167 8042 5189 3402 310 2017 7588 7167 5827 6940 2307 7495 6383 1922 1989 5445 7644 730 2345 1697 2582 2107
28 6891 9957 1186 130 9754 397 6676 2853 3654 1248 7950 2656 4132 2632 4471 1488 4555 8804 7573 3000 162 7339 5039 6324 41 5372 9847 9478
29 5354 9117 5545 5109 1448 6766 8798 9880 8398 6472 6225 6582 2316 4713 895 6438 7206 2113 5799 9230 8064 757 5558 374 3239 12 8236 9330 1177
28 8724 7720 9492 3746 5182 1740 5925 1299 7931 3908 3892 5811 1126 6291 2540 7558 6884 8396 2941 348 9102 8508 9193 5629 9642 5948 9697 7534
30 1466 8468 8977 7230 952 6379 9546 3182 7142 230 8131 4401 1618 3926 8436 4213 6119 5242 5186 8459 6984 9775 8344 8169 1790 251 5787 3279 5836 6906
28 7609 726 4091 7026 6444 7158 851 6874 8783 5490 5440 5291 2416 4986 9060 8732 4656 4321 6058 967 5866 6477 9514 7524 2311 852 4897 1993
29 8090 1271 9951 9385 3764 4314 9803 3587 2961 7097 5578 8976 7072 2534 2369 96 101 4191 4498 6469 7940 469 6281 4741 4666 31 7319 9782 5666
29 9211 8205 2418 4311 9752 7607 5138 5223 1839 1242 5906 9332 6763 6684 2615 8597 407 834 100 4670 3189 1107 5765 1374 2214 7930 1540 2810 1445
22 9284 698 7694 2526 8693 7086 7117 5748 1304 3078 6651 8536 5817 522 9232 2130 3068 9476 8272 8589 6647 7010
28 9742 811 9251 7976 9777 8924 9183 5862 110 5350 1069 3795 7663 7130 7853 1469 4094 2988 3337 1696 206 8633 2063 7705 677 8037 7655 1648
29 8315 9850 5914 9130 2085 4304 2673 2313 2542 620 7925 7645 115 9844 8254 8031 2216 1623 8056 7959 5788 5735 3994 754 181 3601 3589 9296 4184
29 601 4236 4503 1700 1380 163 320 1541 1121 323 8573 741 5869 2082 9935 8295 263 6712 3539 6381 8181 6290 1443 7595 8018 4872 4268 3188 4361
28 3902 352 9131 9984 9520 3836 1592 9133 3158 5142 3925 8815 1128 1352 7725 5546 8667 1073 2473 4429 9357 6733 8622 2926 9788 6074 2431 7907
28 3233 5049 8400 6925 2212 5744 513 2797 5861 4520 7039 9855 7157 5093 4167 4737 7248 9156 875 6870 2347 8075 2302 4407 2712 9438 4767 9307
28 2652 7222 702 8829 2168 5990 941 2021 3167 1290 7824 3174 6388 4862 2372 1840 2309 6120 9239 8048 5663 9859 6911 3111 2505 6028 4516 2217
30 8595 6497 128 3064 2815 706 6411 996 5878 5012 8499 7771 1960 3695 6836 5477 6223 1341 7943 6193 5165 9313 1331 1633 2559 2054 8011 3305 7747 5107
28 6638 1691 1014 4151 7383 2167 1009 8828 6160 3835 7082 3453 8115 6996 1413 9047 3552 5038 9985 9269 4029 7902 3478 787 6929 3962 3381 6625
29 1753 8366 2777 5696 2147 9242 7988 9675 3304 9420 38 6813 1489 3974 6228 9681 6078 9587 4475 9946 3809 1979 298 2884 3237 7107 9071 5418 3082
29 5552 2496 5886 6889 8751 2912 2609 6393 1098 7670 3484 2188 5200 1188 4637 958 5958 2806 1471 6064 7226 9840 4209 9620 651 9320 9505 4707 7348
30 2823 1035 8286 8547 462 7721 4486 435 720 597 7257 300 2408 7860 9763 3495 2219 803 8420 3569 3738 786 2875 3586 4369 2093 5471 120 8470 7417
28 6190 5771 2693 7279 5020 1076 690 1433 987 7847 7345 1319 6809 3828 6147 4434 9103 1216 3550 7874 4041 1782 823 3510 8846 166 1211 3808
29 9872 7216 6890 7481 2323 1236 8111 6747 9314 4792 9526 5694 331 6176 2704 2060 494 1763 6939 3549 165 136 8474 3224 1580 8782 8959 5915 537
28 8407 4989 271 5516 6556 6731 572 2158 2707 1082 2522 6460 3686 2903 3152 5982 3890 4404 7963 3097 4445 8485 948 5813 9927 4512 7996 6422
29 395 534 4169 9039 1267 1257 147 7915 9240 4388 5238 1889 2539 954 6208 8942 9323 8425 5043 9195 2543 3725 2117 735 3727 9863 5161 5635 3006
28 7822 4392 7611 1417 9790 784 466 190 8182 3813 7352 798 1650 8015 6450 7307 7898 5810 646 4439 2073 4968 2824 8527 5536 7435 6240 9969
28 2636 9826 5938 5128 3442 4718 3091 8620 8848 5235 4579 5329 4696 3464 4551 66 9209 2975 7093 7241 401 3358 9004 7453 9900 4518 2556 3048
29 4616 3856 5965 8950 2664 62 3090 1411 3887 4334 4657 4892 109 1879 6398 9122 7737 8116 7350 5194 4220 3526 4409 857 8533 1428 4674 7399 8909
29 4661 7539 5865 2252 5423 6464 43 5302 848 8122 4223 5395 2977 7258 751 6453 5539 507 7225 8161 7547 5004 1481 7754 1470 3710 9723 5365 2681
28 671 6154 4660 5310 6073 3332 9223 3558 3185 2538 4140 7267 5913 2984 2939 9424 6924 6315 6853 1970 748 8382 9167 9978 8146 5256 7997 2528
28 2452 5241 544 6030 8471 1133 9394 5772 2832 2280 560 6310 3705 4943 4477 8221 4043 7879 463 4668 3624 6774 8112 8247 9023 3024 3857 9418
29 558 8207 49 1442 2144 4553 2591 6274 4325 6268 4064 4869 2998 9118 153 3616 6861 5884 3329 3255 4606 6196 4651 9201 2393 573 6266 2968 7049
30 9340 1312 4808 4006 6563 1588 1547 9395 6559 5293 6697 1002 8659 3584 5330 5752 1221 5239 2087 9611 5099 8405 506 3542 7683 1765 5849 4714 212 592
29 993 3551 336 6756 7845 7016 2637 484 356 525 4243 8892 6646 4918 7075 7378 4522 5236 8016 7366 3966 2934 1311 3141 2731 796 9829 8631 6148
29 3145 6980 6959 1051 5585 6125 3949 5157 9848 8316 7462 5592 258 3246 6399 5191 8759 5484 3325 8444 1230 7 622 7490 9878 749 9987 7424 3375
28 3256 612 8565 4824 1210 4104 1243 380 3678 5222 5096 1172 1972 6026 6624 2206 7437 3088 976 3029 2196 5518 4979 4631 7100 1801 825 7272
29 9155 3775 191 1614 338 8991 7359 8036 219 1189 7122 8931 1144 8066 639 1496 4492 6725 2344 5697 1157 9744 3022 7287 6832 1943 2119 3769 7021
29 1472 2583 1816 968 3323 768 164 6738 4247 8655 1435 8350 9490 2056 2739 3672 4051 1950 6695 2580 1332 2764 5190 3713 2626 1881 1550 3403 3634
29 6845 8447 6046 8282 4716 2569 7891 8649 9870 8944 6918 7059 2877 3502 5072 2193 3567 4103 4787 847 7446 8676 2443 7048 1378 843 3664 6955 5033
27 7995 8983 665 8872 721 740 9235 243 4483 9919 2040 1085 6298 1771 984 7888 8158 1910 19 4233 8748 3712 8770 7617 4352 4502 4625
29 2993 5613 5917 8841 9515 9721 7538 7278 8274 1039 8067 5083 1948 6060 5006 4340 6079 3046 7314 3761 3658 8065 5624 8747 652 8731 1027 6942 5517
29 6669 7918 736 5263 1462 9831 956 6538 8993 1269 8089 6449 3241 4045 9299 5758 8972 9717 3371 6020 3969 2461 3572 7220 8058 641 4683 5779 5208
28 9215 8835 5898 9559 6995 208 8494 8553 5757 4396 8617 9704 8538 9736 475 1122 618 6343 9749 6987 2486 8287 1112 1254 1939 556 7066 8194
29 5798 2795 7979 9785 2966 9165 3205 4454 4588 9376 2100 8813 7312 5048 7088 6451 6146 7585 4187 7550 7945 3990 1500 2115 6784 5918 1928 8898 5255
30 4473 9447 5213 3476 5968 9590 2622 6446 9084 3254 5514 7195 5768 5691 1553 5732 5378 6518 2792 6958 8098 6067 1274 6917 2072 1594 5937 1105 836 9255
29 9925 6152 8297 850 9627 3049 745 8256 8700 7743 8862 3434 6115 7532 8901 4146 2564 8119 9730 4513 7786 8881 7445 8836 1834 6181 9463 8539 977
29 9282 7343 3383 5895 9484 4252 5580 2674 266 6385 6033 5701 5847 877 57 2949 5187 5628 1246 4405 4508 7092 7658 1546 2990 8164 3226 7194 9914
30 3236 3628 3579 540 9139 5 5863 2574 1759 3648 8258 8943 5791 2121 1418 6670 9292 8028 4453 6127 3395 2002 3676 7857 3045 1316 9398 2075 3444 1199
30 7828 3496 915 7449 1429 5051 9909 1440 4385 1370 7450 84 3975 7701 568 3137 2224 5493 2684 1803 4333 118 3469 8433 2046 1509 5926 2467 4364 8311
14 445 2864 5206 7516 3702 1604 9407 2363 2883 9025 2706 3101 7854 9138
29 4760 275 6857 9019 6516 2101 3300 9393 4289 8325 6574 1389 7846 2973 3461 1713 2727 4836 759 1729 8059 3626 18 3687 9705 2616 3202 4418 6207
29 2182 4390 5113 3264 6283 3851 9989 2499 6331 7955 4130 5818 3284 7005 3026 758 2653 17 4086 4159 945 1699 4296 7602 2844 7856 8640 4063 7326
29 6603 9417 5529 170 2914 289 7375 3170 8876 51 4941 4582 6368 7792 5716 4230 1616 8133 1338 5977 1844 9493 5437 3910 3527 192 1615 4881 7756
28 3815 2803 6754 4046 1631 3847 9477 9362 8627 7812 3110 6552 5579 7290 7844 4109 7803 5422 7832 342 9519 9259 6702 2638 5261 5285 1136 8351
29 3511 7030 7529 3867 8204 2279 6859 8646 9554 6515 4201 8907 510 198 8762 6698 2292 7189 8973 4711 6259 3221 5776 5660 581 4380 8290 362 6588
29 666 5939 227 598 3177 7773 5619 7840 1767 8025 9720 1460 2066 9845 914 7013 1050 1581 6964 2127 4920 4242 6541 6260 4381 4384 3970 3285 4300
16 4398 4066 4507 460 5574 7668 6643 107 315 9503 2376 892 8165 1270 4708 1651
28 7324 7946 1066 2614 2049 7408 5353 3520 4889 5687 7071 2643 239 1621 533 6545 8867 884 7285 6571 2366 4283 8308 5294 6360 2516 6639 124
29 4077 6597 2836 8949 82 9678 930 3513 4938 6084 7037 872 7429 3771 213 3853 2692 8321 8199 7634 2222 9379 9508 3351 1333 3168 1678 5681 519
29 8551 3665 7173 6509 931 5883 319 3934 5090 2835 7802 5488 986 1103 713 2315 505 2754 5431 8580 7565 1687 1031 1930 7544 575 9444 9431 7690
29 1641 846 5908 7724 229 1681 8754 4377 2142 3784 5530 2050 8844 9287 3034 8926 6323 6905 1710 1426 9226 5888 3165 7360 4664 6169 5054 845 7368
16 5062 9248 810 2169 5212 9758 864 1755 3294 880 7074 2976 427 9452 6830 6246
29 8709 1893 3501 5461 4976 5224 2644 2950 9451 1676 8147 3515 5890 4583 2666 9430 4027 650 9867 5335 2035 3307 6465 149 8695 3457 1323 2016 5193
28 2417 1896 5476 3126 7147 813 6128 8292 3234 5366 4732 4100 5874 5994 920 1887 2663 5060 1582 4206 6536 4912 3995 5560 8100 8501 5029 1911
28 5500 766 7394 4442 1562 343 4015 1525 4263 5023 9090 3631 567 3893 5504 700 418 3109 6443 2192 3935 6855 3699 1686 4877 3173 282 9558
28 2672 9727 68 9606 5999 9462 8201 674 7693 6015 2629 3817 6025 4074 9177 7172 4149 9981 6195 3600 458 9146 9433 4705 9633 9828 6271 5470
29 3123 5008 1751 2384 5005 9489 7201 2409 2562 9254 9970 9247 5290 8509 838 1052 388 3805 7975 8947 4142 3032 7465 8940 2261 3959 287 3829 5738
30 2378 286 3460 5112 9120 9937 2258 3528 7392 5802 6412 2928 6585 225 4420 4276 7385 2245 241 6827 8822 2605 146 5873 814 4615 2828 7861 6663 2507
29 1109 4796 2813 8885 5456 5654 6519 3203 4004 3069 718 686 8605 6915 7058 6362 7750 9647 6527 8525 1026 4563 8326 1017 3450 6660 390 8402 1990
29 1386 7704 7380 3172 4200 791 184 8349 9436 9260 3797 4316 2390 729 9359 6226 4496 8480 9929 1084 1984 6825 8127 8648 4531 2571 1369 3580 7936
29 2265 8590 4481 8049 4152 9391 5323 6212 6473 5133 532 6954 5259 6044 8475 4934 9674 842 2112 3342 4234 284 5589 6293 8002 8750 2371 1791 4644
29 9988 2202 450 2042 9268 5307 33 7561 8528 5045 3986 933 8337 2743 2882 9564 6758 285 8331 6132 9541 542 6909 2328 5459 65 6496 2956 7456
30 8057 27 5903 8778 3907 6255 7361 8718 2680 8211 168 4818 1214 6429 58 6706 9098 8519 5340 8839 5267 9319 8521 9945 441 344 497 9383 2634 3227
29 1577 523 2524 7707 5448 555 4969 5274 2001 2083 161 9677 9655 9160 6873 3896 5790 5567 8866 9701 8457 579 3070 9813 3214 8981 3816 7697 3876
30 9543 6001 1067 8438 8820 2519 2918 4089 6535 1301 2030 8857 6581 9414 844 5095 2226 299 3408 8868 935 9574 520 2079 1538 7396 1486 5374 7178 8618
28 1965 3235 4751 9224 404 8575 7910 4524 87 3774 9815 2647 228 8185 3446 9588 4955 9596 5554 5458 3140 8923 7600 1877 5196 5729 119 7187
29 138 3482 7421 9408 9974 4495 9585 4315 9289 2183 2260 4565 6352 6945 4761 2326 1673 5331 7961 7826 7971 1072 9680 7228 7119 9912 2268 2594 5273
27 654 8339 5511 2037 7625 738 2096 7240 3675 8511 3055 8939 6665 664 3674 4240 2447 355 5444 6349 7454 9377 7972 8110 3653 7965 8964
29 4852 4397 2069 2472 1465 15 3019 7227 7483 5100 4857 2986 334 600 2171 2869 1567 3820 2133 2272 9088 1949 4620 8965 4320 6506 3985 3901 9510
13 746 7511 6151 4279 5244 2024 8012 9753 425 3355 6883 9555 6576
29 5777 6671 6765 3763 3050 4817 5857 2410 2937 7664 4178 5404 609 5427 7363 9617 9683 4847 2723 5602 1476 6805 5243 4505 399 3717 5678 5717 7899
30 4804 9718 8166 3951 5658 9097 5348 6752 1253 4900 2802 7863 5352 8390 4829 9877 379 3571 1741 4894 1561 7085 8951 3447 3219 3859 6573 9731 8167 7364
29 7427 3169 5740 1809 4126 6262 2838 7541 2233 7661 7091 2325 8231 1744 8140 9325 4843 9653 6967 4846 4007 7140 876 2751 6745 3796 7837 7978 2994
29 4322 7175 6595 7864 8053 443 1300 1898 2064 3340 5904 1215 5830 3730 5379 6611 5487 4752 8997 9396 5321 9086 2160 2065 3938 7677 3161 4339 3436
29 3363 2297 4238 1410 6790 5313 5368 679 1888 4457 6256 4544 5770 8248 9455 7265 7515 3535 2910 3718 7403 1528 9399 5225 818 7810 491 9349 6537
29 7148 8406 3051 1675 3139 515 6341 4356 1895 2071 3379 7355 7877 6601 8675 3684 112 7365 2319 4837 122 921 2074 808 6713 9698 7843 8240 1298
28 8346 9791 7929 7699 4655 4567 7349 8506 7629 6800 3058 6456 8512 7962 245 9400 4610 2899 2726 8767 3933 9449 3154 6431 8081 6762 6542 9837
28 7914 3076 5334 9755 7109 8584 4323 3651 3770 1883 7336 997 7949 8142 8621 2278 7834 5816 8303 4269 4013 7501 5571 4571 2776 9580 1954 1921
20 4753 6319 446 9592 3405 5229 1542 8478 689 5407 886 9862 6107 423 3947 4255 6366 7478 4643 2296
28 8099 4447 7871 3659 2430 3275 8050 7960 7916 7374 6820 2120 9739 406 9996 254 8401 5252 4860 3394 1945 5250 8188 8203 7463 4680 9786 5392
29 9488 9243 7183 6936 8063 4286 4278 1222 9986 3156 9634 5951 6976 2577 3382 1451 5646 8087 7217 1743 913 6923 3133 1900 4105 4412 951 9015 85
28 7662 9538 8080 3855 5148 3755 8913 1944 739 2646 3277 4344 6728 1661 8422 5662 297 4070 2045 9711 4528 2476 6560 6077 7970 4600 2925 1596
29 7633 405 7011 9286 3380 7185 4828 3195 4831 5068 4504 2382 8345 2428 693 3400 2231 2229 2022 3282 1987 6370 7252 6053 1800 3760 7801 6969 5486
29 4065 9288 4807 7219 7742 5436 236 5587 4444 2009 5192 7377 8035 1829 5767 1439 6802 588 326 9614 5807 6391 8451 1277 4646 5870 2915 2386 2367
29 5465 626 7358 3932 8074 605 5682 8532 8322 8040 2097 3606 7560 6735 8109 5373 6726 4482 4202 9294 8473 1475 4121 3163 5582 4517 8487 3106 1864
28 7883 6683 34 2003 5680 2677 8958 1735 7046 5055 4281 67 9365 6757 623 3641 8336 490 761 6373 1663 296 6619 5386 8893 5845 3334 2103
28 962 4922 1531 7982 8613 4005 682 4566 4545 3865 7875 6252 907 5367 3220 7102 2631 1013 8171 992 4876 9333 5785 8393 218 6932 2273 7533
29 570 1038 8969 3322 1758 1441 2129 106 1897 4929 2867 5169 4376 7321 7491 4488 5643 5614 7040 3252 7170 7913 6316 8576 235 1634 3758 3530 4576
29 7576 1425 8017 9128 5226 504 3114 4642 6186 871 991 9703 9309 9261 8871 8175 5295 4706 1823 7507 6081 3309 349 9953 1474 4274 4353 4419 1766
29 4141 1925 3937 7922 8273 5797 216 6369 8914 2960 4262 5533 7941 1261 305 9668 6170 324 599 5061 201 242 2284 6631 8197 2501 5859 3038 5638
29 9321 2847 8952 16 3291 9027 4795 4273 4880 7671 1011 9089 7830 6187 5135 6540 3409 8310 3754 4879 3999 7434 1529 7977 9557 616 3979 9650 1778
28 602 2090 9756 659 5460 4082 8375 5742 9954 2552 569 6434 5417 4098 6338 5731 8837 7578 535 5094 1534 6801 5575 4360 6783 4592 7537 7641
29 3590 9498 3027 5751 6351 8418 5435 9172 4640 3212 4822 9502 9628 909 7702 7757 7546 1611 9726 9516 6608 1208 6548 7128 1957 7738 9293 7593 2661
28 4974 8152 8431 9052 7519 7621 6990 2266 5301 9818 4728 1163 55 9824 3747 4112 6621 325 3621 3967 867 3726 351 3112 7521 5092 3633 2504
29 9714 7186 5475 4937 4050 3122 1854 6361 437 4363 9976 6183 4667 7549 8279 9355 6991 7591 8827 4686 8735 2377 1297 5009 4411 9030 5698 6898 9604
29 7937 5336 5564 6092 4622 8072 8933 2536 4190 3481 3364 2153 71 7104 2424 6048 9066 7808 6678 3976 6934 5339 7055 4108 6717 2088 6513 2134 4131
18 4764 7487 2557 6234 4123 4788 7110 6979 4413 3229 9593 4284 2833 5265 7542 3668 6737 1773
28 13 3025 1842 2 780 7715 3479 9762 8874 5070 2760 8552 5974 9185 1530 2581 645 6124 8107 6691 6019 1019 7799 7618 7991 2904 8151 3071
30 6197 5467 8592 6117 2186 9629 4093 6112 5253 4577 7816 1444 8591 1847 7953 9876 4538 1195 4868 9083 8656 1355 9210 898 9221 6201 2779 2487 8514 9982
29 9111 5944 6294 2469 8530 4739 704 1784 6436 6630 7761 8047 5137 3011 580 3920 2888 2419 5272 6232 6285 1324 3591 942 8672 9542 5780 6269 7775
30 8849 1512 5209 9891 9033 4587 7719 975 7163 3176 4898 1825 9007 2686 7919 1830 7212 4740 3594 2460 1394 2455 9013 5709 6076 3547 8305 8784 6480 6172
29 5046 8440 2604 4480 8445 7176 9961 8022 2477 4785 3743 642 9300 5761 3477 2872 8370 7813 1565 5179 6514 4849 8905 9181 6688 4702 3308 9188 4821
30 1587 7781 7031 1139 3612 4391 5901 3297 2728 5434 790 9839 3955 1044 9389 1552 3067 5248 1336 2402 4770 3787 8342 3257 88 1626 9778 3697 4135 8114
29 5057 4246 7496 9632 8936 8046 4722 6652 9149 4958 8260 3490 7404 1467 5220 4421 2462 9471 7141 1400 4208 1041 4210 4783 6325 172 4257 3918 8392
28 6424 2765 1712 5997 653 2221 385 6744 2207 1545 7131 2948 2842 5450 8560 2283 8614 1033 8984 7098 1343 8275 7987 9342 2478 3906 7004 9768
29 4071 3929 1491 2459 7575 6242 5022 5506 4193 6344 7503 6997 2520 3199 8329 1819 5642 2047 500 8703 6458 4024 1586 1869 6251 5231 3074 3422 2254
29 6808 280 5889 6928 3844 7992 1760 9864 5390 4264 1256 7811 7596 259 1873 4669 5485 1156 1366 4441 3178 5141 6355 8818 121 3041 5507 764 8395
13 660 9136 2005 7351 1390 53 3001 5016 6709 5430 3404 1551 4659
27 152 4474 1779 7323 8765 7870 3858 3341 7765 6138 9664 9618 6406 7692 7124 1613 6288 608 8380 7954 7301 3135 2618 9579 637 4965 2149
29 1769 773 6265 4650 9612 3680 1055 2762 6971 3785 5781 7531 1698 4180 7586 5695 4129 5001 9174 7168 3789 6243 4075 2483 4287 8660 24 2493 7947
28 9371 3247 1021 1822 1241 6580 4137 2679 2788 5382 1564 2897 6612 3806 1726 6075 6306 2070 1624 4972 3617 8738 5305 1454 5711 9474 5002 8696
29 8097 9038 5136 5881 7867 7667 2840 7896 8154 4031 6531 9575 6849 2465 8007 1171 6350 7676 6110 3973 4731 5544 2421 6593 1951 6415 9687 7903 6596
29 4960 1573 9584 6258 9836 2401 2346 93 8249 5502 4292 4435 5289 6780 6253 2671 5565 1169 7570 4604 8662 668 5824 1857 894 6059 8916 936 4014
28 6392 3171 6664 9884 4009 5867 2771 4348 576 9067 4383 5905 1642 6414 4902 4438 4085 3031 6949 4253 5449 8632 3998 5725 5650 8374 6952 6787
28 3153 8568 4944 1926 1855 5318 3573 5556 6328 9126 9760 2935 5332 6484 5426 4207 649 2700 6788 3296 9206 4624 1479 7411 3274 3030 5851 6632
29 1572 7337 8870 3005 9190 8421 606 4692 252 9442 1233 6862 2923 4930 3700 9547 3301 4106 1450 2596 3475 7057 4537 2025 978 9001 9916 1106 8314
29 5919 4494 9591 7636 3295 593 1042 771 1485 4432 9690 2891 1405 7388 2617 7044 6653 7889 6045 7624 8856 6071 1202 8838 8606 20 8416 6524 9643
29 6950 6488 3471 8052 2930 7259 5125 4452 5369 8150 8213 2178 6178 7884 1963 2324 7159 5573 1656 5616 4939 1617 5088 4790 3842 5344 6823 5042 819
29 3423 5383 5528 3149 2767 2768 6816 1322 8377 9220 7876 9529 8189 8686 1294 2549 5479 5205 1625 347 6122 4173 2437 640 6136 4913 6320 5562 4331
28 2805 7179 4951 6155 5333 4248 792 1917 4044 7455 7243 6999 92 6457 8796 6282 9560 3293 524 6555 5203 4729 2336 7505 5275 1071 7850 7886
29 1048 2351 854 9378 3623 4867 6105 9795 2403 8123 6989 1206 4547 3251 1494 669 633 9553 7064 9644 3093 5328 5649 3559 7154 6153 5280 265 8636
28 4052 6770 6992 4535 9397 6966 6221 4048 9994 8593 1526 4375 2314 1314 6696 4815 2425 4143 2208 3965 3230 8456 1583 7125 2523 2807 4097 5921
29 4466 9213 1556 3698 7295 6348 1093 7513 7592 9733 1360 7672 564 1102 4199 7053 4750 7881 801 5778 1065 9062 2199 6103 4061 9679 7900 561 2719
28 6229 9031 4773 1520 7232 5783 7061 9461 1326 2286 199 2184 683 4417 7893 8129 5013 2690 4016 5421 6642 7892 8902 7289 7518 6303 1313 3554
29 3042 5557 2649 6474 3696 4639 1238 8581 4885 2243 3286 6098 8278 376 2982 7564 335 4162 7964 6896 8785 9305 7197 8685 4936 990 2031 5284 6479
30 9189 23 8073 6032 6313 908 8285 5457 5168 5403 1092 7928 2685 6114 5152 1894 5026 1495 5131 2997 5676 3862 9374 6335 634 9099 8891 3872 4712 6091
29 1141 3210 7439 4217 5598 3733 3667 3281 2289 619 2028 384 7443 6143 7948 2300 3418 302 7635 6682 154 9373 7452 312 9032 8979 9113 4940 6135
29 7426 2517 6879 8586 3811 684 8634 1904 1730 3388 3262 3191 8145 799 3054 2251 6851 9295 5385 5572 3900 6194 8014 9661 5402 2514 5844 8768 4539
30 934 9740 7397 429 2141 9322 2058 8365 36 9499 5384 7284 2857 4825 7025 4633 3344 7836 226 8537 9237 5620 366 9036 5686 3588 6654 6184 7885 1508
29 8946 1359 2855 667 3367 8937 2770 5639 2601 1692 6914 7766 3635 9501 3894 8355 8529 1654 1265 1087 9137 7137 8126 661 1281 4291 2067 1851 7260
29 4189 1846 5966 8130 3898 6554 2782 9648 8687 7651 9917 545 6367 2811 5581 3437 2708 8843 9509 772 104 2240 7933 2694 2927 6447 8105 5953 411
29 306 7545 8399 5377 6910 1575 2375 6389 9491 8974 8358 2426 3839 3778 831 7033 1057 1906 7079 9901 4554 7302 7567 1527 3459 4973 2544 4540 9481
29 1574 1539 8740 8120 1554 9719 2920 7296 4025 9178 360 5963 116 2235 2800 9716 1536 9077 9528 8054 2742 8280 9205 4326 2257 2942 5712 518 8799
29 2209 5130 6888 3694 1053 171 6622 5850 9186 4306 8330 7188 4295 4090 585 8283 6953 4010 7127 6043 7819 8163 1318 8363 7746 6068 3468 2952 4964
12 9435 8504 1924 8745 3707 4403 1061 105 8376 5618 4685 697
30 9888 3104 9366 6402 9382 6912 2298 8920 2525 2511 9842 7334 5766 3368 1308 95 2951 6963 2839 3945 1335 7269 1827 7512 2964 77 3607 788 6133 4901
29 7584 5837 3258 2876 1024 4018 9537 6244 7927 5975 5059 7000 5834 8426 3983 4883 4800 1973 8367 9693 2361 7017 9569 5017 9576 6159 6435 2157 7264
29 4768 4349 8227 8875 1597 7723 1229 7379 9781 9737 2513 4127 2044 6701 5800 5443 2658 3359 248 1252 2861 7920 8157 6899 8032 731 467 8548 9343
30 78 8730 4765 1860 4034 3036 5499 7054 7748 5838 4163 3315 5661 3685 5962 7587 4845 5199 4609 9676 3566 4216 9649 9061 1718 6222 882 2400 2957 3386
30 102 1492 9441 7648 9273 1659 9329 5759 9044 7580 9056 4844 1747 7620 2560 8780 14 3376 5495 8138 4854 5656 1153 6602 6248 6818 6637 7470 8715 9784
28 2851 7006 3630 7253 6237 4181 6658 4550 6300 3320 753 9116 2004 1482 3692 1606 8196 7628 8800 9026 4859 821 3948 8935 5734 4422 2267 4347
30 7418 8607 7793 26 8906 5868 393 7866 5176 8588 5297 1329 1034 8020 1146 7238 9794 9525 5123 2639 5111 7193 8531 9450 8777 1543 4224 1184 9838 6014
30 9014 2086 5197 5675 3518 5086 5714 3335 2489 4079 9363 8808 2610 8666 7346 7310 4700 3004 5841 9911 2688 5607 897 8647 5677 1958 4981 1916 6038 2480
28 4935 1191 6640 1772 2051 9241 9121 3420 8642 3508 4687 8821 6024 8883 3463 3939 6512 6476 1006 1356 7451 4449 6569 9759 2105 8743 946 7652
29 207 3505 9470 5387 2906 8250 8006 0 4575 2176 9835 3298 1935 9233 9800 5540 1391 3113 4812 5853 6525 5264 5011 8690 2104 638 9748 6264 1363
30 6423 7297 6461 5237 9416 5416 3703 9565 1149 1602 1207 1861 5699 2852 7682 3514 5409 9734 303 2026 5078 8704 8557 8789 3081 1947 6667 3645 655 9932
29 175 1130 8492 40 2048 2358 4858 3625 3711 1317 3330 7423 9372 8775 6006 9673 7514 8155 4056 5034 2081 8209 7224 8811 7713 2703 8918 5551 7820
29 8995 3632 8934 1976 9095 8108 3033 4487 6163 5879 5413 4021 3435 8371 8650 5270 3512 4557 8429 179 9656 8430 9536 4510 2862 7741 2670 4635 2894
28 42 9589 8027 1560 8277 7572 883 383 6296 4856 5420 2699 9043 5606 3389 9630 6466 8921 2665 5871 765 5319 6289 9253 6867 4698 2532 7908
28 295 596 5721 7060 9751 4628 1198 9078 5969 2955 2547 7009 5080 2967 4277 981 4525 398 7447 9432 6700 7182 2987 4366 1981 5491 5513 1627
28 4078 4662 1704 1275 8193 6016 1689 9939 5769 2654 2590 2370 9250 7298 2151 449 7733 1502 9085 7825 433 1982 9950 4884 2094 2907 7294 3642
29 9159 1415 9361 9933 7650 6844 7691 1258 4003 7401 5311 7983 4430 4343 5947 7069 6180 4738 9345 3466 5893 5902 9539 6317 9582 7156 5774 2561 3952
30 3387 9662 9747 4909 5400 7957 6779 7872 9619 9658 6188 648 9051 5451 7696 4120 6841 7622 8702 9626 8496 5858 3338 1110 6981 9277 5805 3289 6626 4594
28 9049 7566 1807 2971 5151 3238 2391 6409 4562 2320 972 9964 9370 673 2970 5737 6302 6965 7732 454 6641 1162 2597 4222 7164 8792 2620 6017
28 3249 6668 5195 8890 4195 4355 6703 9107 3018 1980 6705 2826 8435 2645 5727 6786 6334 6249 9875 8397 155 7562 6239 6141 8712 1446 5591 6865
29 8220 5535 4757 9804 5181 6868 5351 7751 6944 2947 6609 8191 3121 4546 6772 7556 1047 2181 3162 9429 7797 7254 9603 7897 9170 1975 3345 966 4978
29 9168 3209 9695 3679 3396 9115 2053 8790 1174 8680 615 1158 4515 8661 143 2342 9570 56 2492 4133 6894 1200 3673 9948 6086 7508 3120 3956 9354
29 1717 7047 4259 1148 3410 6211 1521 5784 3037 6584 1680 3670 8861 6951 3003 8550 7795 2200 7848 4359 3915 9843 7594 6858 485 9805 378 8744 3870
28 5014 4303 5653 7552 2860 9625 971 3486 4589 9308 7610 4374 4823 5063 5909 1517 6530 386 1578 6307 4725 707 7461 5158 8803 2848 5216 98
29 1808 8121 5069 3324 676 7144 5796 9272 6764 1193 1096 5964 223 8826 2730 4855 9312 8707 755 7632 9171 9834 2190 4155 3098 7280 2959 4556 4875
29 9413 9688 8903 2399 432 1715 3722 1804 9182 5570 1020 8318 644 7459 2657 3723 2256 3971 8900 6505 9009 6070 8635 2612 9074 3014 9423 9100 2406
31 526 8364 4088 3598 3954 8884 9540 3871 5887 2892 5474 5036 6238 6206 339 2981 2527 3650 6962 3473 4499 3017 6886 6455 9198 2427 7616 4580 4890 2668 8694
28 3875 6557 3681 2228 6410 4983 703 2136 6750 4542 9173 6773 7589 9411 270 2753 7236 1584 9530 5641 4932 267 6661 9069 9143 3148 9866 9163
28 8424 1113 3682 1890 4001 6710 3619 177 4055 5035 9979 7838 9769 382 9666 2821 1351 905 4853 9746 4102 8408 9301 6022 5549 7089 3868 2494
29 6885 9446 7115 9930 1558 9963 6634 6205 7111 9270 4204 9029 7007 777 4598 6448 9810 8210 4541 3433 4899 5414 5710 3498 5359 9148 6397 5050 4690
28 7653 90 8710 8118 4607 3716 2295 3348 9725 8262 3398 8245 6674 5611 2682 8341 5978 7912 5389 6775 2449 8729 9652 7440 7711 1705 8941 6806
29 6042 9445 687 6493 1600 4393 7464 5396 9267 4272 4945 6814 7247 861 7431 3677 1918 9624 6792 4991 2750 3509 9691 9977 4490 2329 9094 2879 6202
28 6613 3720 5973 9304 9454 8266 8569 3243 4174 2509 7400 5803 7740 947 4839 6204 3085 7510 2490 2641 3561 9602 1874 3015 1629 6404 1738 6405
30 8786 8472 5555 69 7416 3292 899 8328 5439 431 4040 3603 4266 7989 9279 8630 4139 4623 985 7433 2827 1357 137 5184 8823 2537 501 1150 8479 63
28 4114 2607 281 3350 3992 6822 8410 209 5105 974 203 4101 3134 5848 1968 264 2387 64 3276 7041 4225 8136 1328 7601 486 7223 9018 3504
29 7136 1824 4766 7120 9806 1016 3537 8791 927 3130 2909 4047 9057 1262 6892 6742 5505 1225 6938 6087 1992 3874 9306 7486 856 1798 8228 8132 7540
30 3516 3179 9075 5115 4926 6123 3225 3556 9853 1083 8224 2052 140 9458 9207 3753 131 3204 912 1619 6023 1438 7263 8852 2405 7770 7731 1672 2804 6216
28 577 3782 4996 4917 3744 73 6267 3803 7680 7062 452 2116 5198 6716 5104 5730 1117 7425 4786 9386 1814 7905 1997 2962 6503 3522 1559 6121
29 7245 436 2365 8625 1325 4227 8711 8737 8076 5510 6364 7767 6145 1280 5122 3888 8051 3869 3432 2131 6270 4198 723 5155 3752 7604 5685 1473 8887
29 3922 8394 8143 961 5520 2218 9356 4395 1777 4110 9921 6648 8665 6129 6591 7184 8242 8461 2521 6900 7160 8030 7389 9348 9124 1119 8682 8619 511
28 9861 8128 1330 8464 2395 232 8442 6215 4229 7815 3273 8604 4749 1135 4258 2043 6649 370 46 1722 1455 9608 6782 4459 6495 2789 4254 6511
29 1999 5325 9868 6416 6620 6278 7022 6395 8645 5074 1218 6586 911 6082 2165 7882 3370 3740 5692 9641 260 1078 3521 732 7332 127 1255 8216 75
28 2586 3452 498 2963 4144 2992 4298 1194 5821 3545 9110 39 4410 6544 5804 1832 3928 1720 9016 5563 4558 5792 6751 3661 4682 7008 9403 5269
29 3709 8183 9202 3201 7116 7728 9665 1368 530 4864 5793 1045 1920 3449 7344 99 7778 5806 1941 8379 8825 9638 1129 7354 1449 6041 3467 7806 4915
29 1813 8383 7695 2305 3620 4192 132 3103 7316 7703 8652 5279 3721 6941 7739 5943 2108 4054 5617 508 8705 2180 9369 2865 5521 8708 9064 9152 5240
29 4967 474 457 2012 434 1923 675 7369 4194 400 3791 5124 8956 5073 1358 5519 7673 9776 1955 8692 6095 160 9101 5337 8637 8830 8574 3080 9600
29 8544 3288 552 1590 60 919 8381 2908 1802 5763 2078 3407 6948 2944 7099 2287 3837 180 6863 2898 3843 6116 1497 2294 2721 2170 1079 9918 2518
30 7643 1595 3575 6961 9772 1794 4597 8001 9327 4647 7108 3314 6486 643 917 635 6009 3824 3248 5923 6034 139 217 3688 3208 9710 8484 2814 6546 4329
28 3766 7639 2000 2940 7579 2339 2439 2337 943 4095 6893 778 5438 4925 1142 8373 9419 536 8113 5754 7686 6840 5120 4746 5809 321 7654 9770
29 3831 625 7235 1909 5207 5724 5671 7777 3905 6567 21 4168 5018 4599 8255 3108 8168 5880 3790 6528 9142 7530 1966 8045 3614 7050 3072 9841 6614
30 9180 8246 9635 5553 1421 7485 489 7347 743 5523 3362 3194 8899 1701 5132 4332 6111 6104 7143 6839 7506 4709 5715 8179 5764 5110 8582 6332 1315 2388
30 4119 4671 330 3781 1080 8697 2138 5433 6615 5343 6037 9910 7873 3456 8334 4157 8713 3814 1781 5246 6957 3736 5364 2655 7998 4961 240 4461 1946 2288
28 4115 1125 8850 6363 1776 1283 2608 8264 9798 6715 8369 8144 3488 8038 1504 9598 2972 5640 4861 2871 7904 8888 1974 9667 8409 6755 8360 900
29 4523 4759 8434 4802 7543 7436 9467 499 3802 472 715 7282 2878 7509 3063 367 3499 716 9162 9944 7627 3523 7687 4150 8219 2572 9615 8268 2611
28 1579 8653 8134 8733 6815 4309 5424 8517 550 5508 868 5442 2859 5993 512 3470 52 3419 3776 7095 959 9550 8706 9924 3354 4561 1327 9827
30 3592 2713 1768 477 4910 2394 6427 7675 4521 9274 1226 301 1244 7809 6418 369 5590 4645 3378 1748 9105 9245 1570 8556 4416 415 2999 4791 1235 3595
30 7080 5326 4122 5129 4400 8549 6618 1340 1882 2415 5397 5501 1915 4402 9448 6692 3978 7081 8313 4372 2696 1605 9722 5140 4993 2269 6972 7817 6561 2497
29 2600 9157 1746 3903 7986 6767 8178 8577 6553 7835 9035 8413 9311 8149 6072 4328 7932 2333 4023 7325 1384 3087 5217 25 2533 8987 3931 7805 419
29 7851 1387 9743 3044 9621 5102 5201 8463 7202 6860 2725 8294 1933 7118 2114 6100 4727 1848 1213 4826 3012 8069 2575 8739 8542 6327 1010 3826 8805
29 4904 5388 656 9042 9123 7249 4302 4394 1821 7390 1837 1395 5282 6721 4779 1457 1272 7994 1702 7398 8570 2159 712 8742 4927 7106 8225 6810 7162
30 2098 2198 6200 5472 7798 3009 795 456 3830 9338 8493 4833 5480 7370 345 231 278 4819 6877 6417 6736 3052 725 9486 4999 8779 6533 624 4526 5690
29 3491 3832 1734 747 5171 9258 8176 250 4724 5700 833 1723 322 710 32 6895 6644 8226 9998 8198 5087 9265 6679 5286 4008 1227 2881 4775 7774
29 3216 3492 416 5247 6445 3757 5706 1160 4953 1555 8013 7275 5106 1796 4602 3180 6521 7218 8684 5605 8612 8863 5922 8160 714 3988 2716 1345 2630
27 9601 8948 89 7020 8237 1165 173 3745 565 4684 9780 2262 5306 4226 5268 9297 2299 1190 3788 7548 1859 4265 8955 2709 4197 2985 7555
29 3873 4949 2442 4327 9150 3118 4703 9533 200 8603 1986 54 8507 4382 9002 9729 9011 6628 8491 7373 7821 2621 5358 4468 4042 4995 8024 8092 5561
28 1408 159 8415 2599 663 2775 8756 9898 1603 1792 6210 2946 6719 4743 4776 6930 1537 4534 5931 6333 3924 7169 3374 7342 7788 1022 1875 4977
28 5588 816 3701 4717 2353 6322 9229 2738 9660 8206 8153 2913 4992 5808 1636 7196 8758 5672 1563 5625 7303 6694 8243 1209 9041 6029 1484 6730
30 8858 4980 1339 3987 3331 5726 1203 2232 3715 6824 995 5309 1695 4511 1774 1070 6432 904 812 9896 1075 1775 885 2374 4733 8306 5569 7789 1522 7559
30 8078 9692 3656 3099 1737 1217 8970 117 1549 3989 1309 4136 3360 8963 6741 8223 2714 5287 5150 3414 2023 9938 2317 5180 9886 9934 7951 7772 8265 7527
29 493 3704 8678 3618 6748 873 3346 7878 3429 2919 2799 1000 5405 1176 9 3401 938 5541 5098 3244 6247 2816 2356 6489 3352 9112 5548 2059 8932
28 3155 5097 8026 5349 421 1293 7239 6295 5278 7415 4782 1524 9158 7043 8148 2757 1161 9709 4618 5891 129 9605 6273 5615 196 3421 6235 9799
29 9141 2698 2890 4458 3417 1913 1996 5875 5401 2722 9375 9908 3454 1097 4161 1137 2475 2341 3253 4763 7067 8361 9331 9819 3369 8559 1655 8945 2155
29 7277 8896 7251 1835 5940 1969 8746 2774 4341 7709 2763 1630 865 6063 7557 214 775 3891 4842 9801 1090 9114 7659 9881 7477 5747 5928 2936 9577
29 8044 2550 5934 7244 4249 2701 4948 4358 9457 8476 1688 2808 2389 7001 7114 6462 9264 2411 2118 6314 1159 2471 543 6209 9766 7386 2008 2781 7460
28 4182 3181 7329 1278 6000 6027 7028 8235 2843 2230 1724 1919 4919 1507 5577 183 461 9706 4886 8021 5995 8772 1714 1937 587 3366 1690 9212
29 7782 8961 1805 350 4386 2873 9955 2331 7755 7330 8677 2412 7340 5840 3609 4373 8764 7999 9928 9401 944 7274 6254 2109 4584 5466 9904 9968 9404
29 6340 377 548 7335 5566 7482 81 185 7981 8904 8877 7387 8106 4425 8886 5718 4756 9659 2270 5636 6346 6144 3002 6478 2264 6358 2123 2585 4789
29 2440 3827 256 3914 4710 8966 1412 2334 8812 6277 7036 1557 8801 3094 5833 9390 802 7221 440 6054 8312 1513 1018 1841 1728 4479 5543 6842 2783
28 2772 5801 9460 2916 2479 7180 5166 6866 3780 9339 3105 4519 8558 9081 3441 6365 4970 1346 4261 6777 2172 8071 8010 2796 8845 6673 4962 1868
29 3660 2091 5583 6970 9636 294 8281 541 3465 468 5322 4293 3310 3923 4723 2237 3605 9140 6760 6734 3217 797 6420 828 6907 6704 9164 870 202
30 1785 7855 8927 6871 1608 6520 6500 2748 794 1477 413 7753 3131 7308 2817 9453 9483 6353 2321 1591 853 4308 6636 826 9034 4228 8776 8298 4771 7414
29 9351 4581 5984 5815 8234 6753 4313 2450 8005 8483 5314 4988 6510 603 7035 4424 9040 9426 6083 8817 7814 1362 963 4039 4020 9535 4058 9873 7234
30 7320 9561 2954 3919 9967 9773 6007 8673 5406 5071 5601 8159 4658 1056 3944 8490 733 4570 1732 2602 5630 5626 317 6241 2383 2422 3779 145 8443 5211
29 3440 2648 3128 479 4560 7980 6826 9936 1064 9153 7409 6287 3290 9434 922 1392 2979 6807 7181 4924 5047 6401 7827 1086 6499 7807 2737 6189 5988
29 5455 5673 3119 7689 7744 2841 7974 3272 2613 1310 5429 3035 7432 3095 918 1409 6539 8029 6487 8230 2458 6662 9879 6799 455 7152 8060 2099 4871
30 586 1568 7395 1205 5855 3412 4730 9485 2247 9006 1431 9012 7554 7300 7077 7012 4676 7626 7231 2271 9005 4211 6047 4000 932 4608 8068 2441 3957 3570
30 9832 8184 2793 928 7890 1123 4030 1004 5163 2179 1307 1643 9993 1320 2589 4371 3525 999 3960 2420 148 8600 8102 7073 3841 1181 7968 1638 5204 694
29 3425 6543 2330 1036 9669 2036 2468 1245 4205 9231 9973 881 5249 6993 9672 2032 86 9893 1231 9518 4663 3206 5221 2953 2866 4895 3008 3555 5885
29 7833 4260 5149 3333 8327 2746 970 7441 1836 2989 8894 822 6085 8639 1885 2006 903 1632 1845 5920 8212 7862 614 2778 517 4947 5489 6061 4916
29 9145 7132 6214 563 3762 4084 6985 8239 5376 685 8289 7305 8222 5162 1046 4312 1927 8720 8259 7582 6131 1843 3627 8510 2885 5950 7631 8879 6491
29 1711 9887 1285 5632 7528 8954 4221 800 1871 3565 5584 4914 5108 1936 1063 7200 2568 247 3773 7051 7198 6080 1005 5538 3196 6988 7764 3913 8385
29 5835 6791 5952 5031 1049 9761 3242 8488 8441 5843 7473 353 2148 6192 539 9712 9852 6850 9567 4451 495 8809 2089 752 3493 6921 4590 4345 233
29 9581 7613 8971 3560 9899 6481 8865 3040 9059 9531 8988 5304 5347 5219 2759 7924 4125 9262 7027 3690 3397 8359 4613 5728 3930 453 7938 7270 6441
28 8980 4805 7475 1100 6177 7430 8834 4734 7993 1089 3228 9821 4835 6908 2546 1382 6384 7353 7023 6604 9234 4772 1372 4908 4984 4762 2850 447
30 7674 4501 328 6699 6284 4677 6551 4387 3544 1118 7209 6590 9249 6811 628 4317 2187 3895 3596 7133 438 28 9715 8104 4850 6761 5398 578 9607 582
29 8854 9246 9913 3643 6459 7769 3881 8831 8911 194 2558 4032 9187 8446 9381 1535 4693 4596 3737 3485 827 8719 7498 5342 717 8880 6776 7608 4275
30 5634 9443 2554 8003 3150 5705 9504 9439 926 7105 8917 3392 9750 8938 1721 6483 5652 2740 3193 2453 9807 1284 9048 8449 8088 7551 5882 8596 824 7063
29 333 5524 7984 5462 9735 9907 7406 6522 4145 6847 4497 7076 1934 2675 1145 7271 8996 6326 8291 3916 7599 6109 8922 3426 4905 2275 7029 1533 5320
29 1826 862 910 7191 2752 1430 8727 4809 5159 9317 1419 9728 6882 4601 9334 2077 1736 7829 6526 6140 7571 9132 6723 4319 3800 426 4237 6217 9556
29 701 7606 9568 2769 2535 6657 6616 9350 6162 2061 7614 7466 3982 8352 8137 8787 9757 2445 9671 1058 7780 1251 9610 8929 737 3993 1295 4256 849
29 327 8299 1348 6482 6407 4156 1612 9599 3480 6230 257 1493 527 3543 5839 9326 9197 9169 1640 483 4863 410 5025 4267 8788 3936 1015 8062 7471
29 6812 8545 5324 2715 6973 5860 3443 5446 1707 7468 9889 1647 3563 5894 8925 9091 1114 2484 2173 268 1901 7669 8079 4012 1347 9134 3652 696 2623
29 6130 1204 6729 3385 1964 2201 4096 9315 901 5425 1749 6224 4147 9694 9552 9616 8975 887 3728 549 5979 5363 2162 2434 8554 9563 2306 2786 7215
29 6570 7229 6578 2933 1398 1264 5693 964 1657 9854 7268 4990 9809 3879 7112 3963 8288 8333 5498 3263 5929 346 9849 6887 8810 6012 1727 7315 6051
30 5604 1143 554 9797 9175 6681 4530 7526 6978 409 3166 9812 584 5024 3065 2010 7126 3047 5688 9266 7070 2733 7113 3023 2454 8749 4619 5317 9410 470
29 2038 7382 8177 2263 1124 1515 1674 2531 4874 7745 3794 1908 2276 4423 3801 1416 6977 1 7563 829 2831 3864 2545 1995 8736 5593 9869 6650 6804
29 6781 7205 9336 5134 1059 4165 5058 2745 8518 3086 391 6707 1003 1929 1249 7615 3574 3184 9144 9566 4154 6592 2553 1337 5985 6377 6371 3529 2436
29 6096 8502 4632 4099 2239 5144 3783 4621 6793 5183 5659 5647 5998 781 7973 7233 4280 8599 4118 9779 9512 8664 6342 1669 8535 547 448 7362 8629
29 681 1377 2874 4777 2126 8957 1998 8000 1532 2068 4028 8721 3981 3942 6743 3073 5056 2488 9316 1180 7444 1501 5341 6769 5864 47 2380 283 2084
29 2849 957 182 2512 1863 1025 7637 7467 5315 6572 5603 2122 5828 9464 8601 5971 9387 1645 1286 246 3597 142 2905 1375 6920 103 1991 6843 6575
30 691 6257 7015 9732 7151 8663 4307 7768 841 7024 8055 7906 9497 9280 2761 6426 4335 8960 6050 8233 6035 9578 7657 2856 983 2691 205 8978 224 3399
29 3117 1752 1956 144 2293 7177 8526 6686 1127 1032 4665 1799 3356 2724 5027 6439 5627 6946 307 1733 7535 8357 3655 8802 8994 8077 6821 9544 5823
30 9106 9194 2241 4803 7084 6005 7952 91 8423 2175 8309 9281 9952 5428 5664 1856 9421 8276 7273 8495 7083 7716 4536 7895 3438 9713 891 3958 7422 4678
29 5260 5645 4057 7638 4436 5713 7488 3741 2541 8638 5121 5064 4456 8482 3646 9252 2466 471 8626 8208 9341 8998 1447 37 7281 4437 5736 6732 3818
30 8141 2163 7574 8851 1756 8615 1994 9456 3604 2039 2457 4460 8296 7056 6337 1662 2741 8999 9046 6336 9846 6004 6126 114 7714 6943 6305 7852 2809 7887
29 2223 9814 6687 8797 9956 2013 8992 2868 7356 261 4652 2924 9871 1490 5015 7859 6166 5531 1240 5463 1273 6297 7469 9108 9523 2203 9045 2895 4605
29 5832 1942 3972 6003 2965 9708 1750 311 1609 6233 5175 2255 1303 7288 1094 1054 2593 3231 9017 2650 6568 269 6771 113 859 6203 3083 1399 711
30 6507 1030 4994 7698 8261 215 6049 8454 5512 2624 9548 4882 8855 8094 6375 4414 1828 613 4389 6199 8930 7293 3823 1731 2812 7192 1464 5481 277 2423
30 3016 9696 1062 1140 9811 6869 5525 5167 4672 8469 8689 3506 5292 249 5820 9344 6594 1088 2660 5927 3077 2628 3538 9063 809 262 8244 4793 1503 5707
31 6933 1599 9820 9646 6382 6677 1276 5188 7393 7869 4638 4921 2548 237 3269 6502 6629 3576 762 923 6875 4928 4675 2669 195 8520 6002 1385 6633 8180 2451
30 9392 4830 8523 7309 2140 5308 4053 8320 6286 8389 4446 1516 6672 4002 858 2413 2837 3343 4470 5415 1201 658 3270 7204 3483 6040 3909 3092 6947 1185
29 7138 6956 3991 3260 2573 3391 589 3541 9310 2303 4997 6171 1589 2818 805 2220 5956 830 4035 4595 176 8091 2579 695 6838 1762 2357 7934 1099
30 4172 7642 6610 276 2195 8910 5912 5303 2470 358 7472 2651 1988 5411 8814 1719 3250 2312 7823 9922 1164 6165 7250 4848 2896 3157 5276 7926 8307 9895
31 3883 6982 7448 1983 3866 837 6452 3669 7338 980 6795 8602 1754 2495 2354 2204 5214 9119 4893 744 3638 5362 5722 9472 2392 9291 6833 8658 6722 9995 9154
30 3190 3860 188 7969 2253 4636 473 3439 3724 6329 1104 7935 9906 9792 557 2225 1383 1858 2227 8671 8 1463 8229 9623 7306 1287 2448 8317 8819 7688
29 719 3384 1196 7331 5910 2236 2710 4472 1354 1971 8760 8284 4428 1091 3028 9609 9830 255 1652 3372 5271 4816 2588 2285 6011 2308 4552 6564 3107
29 8598 8546 551 9459 291 3347 4514 760 22 6523 2055 5327 8616 8332 1892 6321 5924 4509 3125 244 2515 6913 4427 6583 442 9517 9586 9645 8753
29 820 2766 7402 4896 3 5949 5052 5010 4630 6276 4062 9689 2825 3415 3132 1453 2034 4406 840 7283 8086 7497 4810 8763 5946 4271 3583 3474 7568
29 3060 1831 2152 9352 7367 4408 2154 9622 6312 4641 9562 4591 5497 3390 3941 8362 6607 3013 4305 6394 6468 7391 1506 632 8567 9947 3840 2215 9527
29 8172 688 4170 5669 4529 785 6566 134 2194 8728 5597 3146 4906 6010 6345 7656 1571 2407 8571 6685 3768 988 4463 2732 9865 5633 5667 8387 6301
29 4611 94 6245 874 7442 1795 8293 6099 4251 3777 893 1899 4952 4985 125 210 274 8534 8023 7684 8403 7255 3980 9364 7583 2211 617 7474 8096
29 3187 804 5967 6935 1422 3536 7286 6299 9975 8541 1259 8215 8967 2900 7612 8489 6998 2697 5651 9473 4330 727 3200 4362 2991 7923 3057 950 6173
30 5482 5147 9942 8919 4415 1961 7327 150 6550 5976 4489 9412 2397 5118 2576 7493 815 3639 8034 4572 1940 9639 6852 316 4721 6828 4841 6094 341 7492
28 389 8669 9037 7458 9384 3266 9825 4282 4134 8004 8466 8214 76 3849 4578 1706 3662 5755 7410 2662 5469 1703 6101 8302 1576 8218 5970 4037
30 3353 7794 5492 6655 6275 9096 8368 1342 6562 1610 7190 6318 5000 2092 6272 3889 9196 2889 8757 8643 1116 1008 2102 3977 1878 6577 9244 8928 2901 531
28 2446 8404 3693 3519 2506 5066 4694 174 8840 6690 8253 6693 4092 4603 9796 9050 9999 6689 9511 4464 3793 1155 6501 9022 4337 3663 4586 2565
28 8725 2996 3911 7384 2135 7679 8564 5177 9851 6872 9368 636 9278 1029 7199 3102 3319 9465 2362 4285 7736 1912 4038 1815 480 368 3540 8465
28 3636 5703 4794 5185 2145 3671 8257 3151 5053 465 2373 8832 7237 9010 1461 6380 6714 9551 7262 657 1478 1232 5300 5702 2938 8195 5257 6055
29 2139 6897 8170 7894 4186 238 7412 9380 1028 5028 1622 7213 2080 3585 6433 3961 9469 5989 3822 9897 2787 3691 4485 5232 9285 3207 9971 6587 4188
30 9191 9594 8432 108 2755 7603 3267 5079 4745 6236 6708 546 9092 3819 863 2464 3897 5447 4648 9480 763 8301 9682 2784 1685 2248 3406 6161 2213 3531
28 4891 5030 5595 4214 1505 158 5683 6057 5911 1693 2735 6354 5689 5782 8378 2185 5648 756 8563 272 6031 3861 9903 889 5907 6881 2456 9204
29 9822 1660 314 3316 8699 8701 1373 8572 4465 8486 3313 4533 5852 2014 1458 2508 3927 4780 8300 9199 7420 770 459 6797 2718 2385 7966 2530 3517
29 6975 994 3899 2244 779 3411 8500 6817 8641 9883 8391 7068 3834 412 1905 5299 1977 5419 424 3445 1234 7145 5019 3424 9353 5032 3719 1001 5065
26 3183 3198 7569 9699 3524 1260 8462 402 9437 5935 6666 1228 2020 4215 5720 1866 8200 7438 1931 8716 8192 44 4840 451 4585 8670
30 5254 9764 4568 7752 1197 4933 35 1151 9324 4500 7484 7706 2705 2790 4617 2348 492 6617 2929 7479 6529 9275 5452 6139 6339 7791 1601 4354 7718 9346
29 2758 9360 1040 6250 5826 4175 9494 9943 5312 2689 1683 8878 5281 1544 4288 6846 4614 4946 2246 1884 5283 5576 8853 4907 6408 4811 3138 6974 7722
30 2584 2414 5503 3312 817 357 8681 1593 1932 1725 5568 3280 3507 9228 7242 3175 6837 3799 2379 8271 4987 4491 890 4484 9905 9524 621 9991 8412 1793
31 6056 8579 8386 6475 5534 8162 7381 9055 2794 4799 4527 8668 1168 8734 9833 1761 559 7779 955 9070 4357 1649 1569 5145 9789 9572 1305 1263 8585 3059 5453
30 5959 2381 5245 3921 6374 979 2429 3854 141 1132 4679 5412 3416 430 9959 9290 4814 4310 7103 3245 3964 3497 293 5981 1716 3940 9774 2829 5227 5723
29 5371 2156 4166 3339 1499 4834 1787 4975 3489 1810 8477 4431 2502 832 1498 3786 7909 3043 444 7333 6549 364 1658 5657 9082 8516 7002 6149 9941
29 2922 4574 9200 4957 9640 3318 5670 3984 5146 9093 3863 2887 8989 6508 2845 1598 9427 8587 7208 8795 6605 1514 5316 5101 7730 9894 1607 4235 3143
29 2635 9960 3503 2482 9702 4784 7865 7944 3647 4370 5749 8859 6378 6878 866 1664 8982 5825 8156 7956 6880 8428 607 4959 9208 4735 8187 7165 3232
30 2368 5955 4754 5537 9073 8714 4903 3079 1420 2318 6711 2011 8335 3622 2500 8135 4549 4164 7476 9337 7685 8806 6467 7101 5819 2627 9080 371 1212 1289
30 3448 4107 8543 4239 5612 678 1677 8679 8460 789 4726 1708 8437 2606 3807 337 1783 2432 5899 3222 7710 6219 1902 2529 5719 1786 516 3349 6680 6835
14 2870 6227 6796 8503 7161 3845 4887 7065 4185 1007 7413 574 5021 5644
30 7318 1938 2335 4769 3582 2352 1282 4116 7317 7597 6069 9087 4873 9303 8842 3271 7763 8139 4865 5986 3428 9926 5753 9657 1108 2095 2749 340 7841 5674
30 1434 2146 1060 3302 5668 7790 2057 9184 6854 5822 5119 7328 7958 1459 782 1667 8990 2695 6724 5655 3666 9271 5089 6848 3838 8515 1393 7246 8583 4747
29 6430 750 9104 2858 1250 5360 1865 6919 7045 6185 3825 3846 8722 8864 7831 7681 2364 7292 5980 1379 8340 1381 6926 4270 7094 5215 8270 126 2338
30 9058 3581 7096 8781 2304 2747 221 9238 2433 2281 2595 70 1402 916 2551 1353 4113 6396 538 7357 742 4203 3689 3578 7717 6356 5526 5789 9882 3116
29 2921 9054 2785 6463 3373 629 610 5218 6547 8723 8794 2474 5441 1483 5075 169 6106 1789 3880 2974 562 3413 9631 7520 1518 2834 4998 5930 7917
29 2150 1817 1468 4068 2396 6718 5522 630 3904 8458 4241 4443 3020 428 157 234 3129 8217 4299 6789 1510 5961 8252 5599 3946 8061 2291 9724 722
30 2603 1788 9257 288 4715 3283 4076 662 9415 5277 373 9127 8769 5854 1452 5842 4378 8773 5393 5468 3365 728 1646 7619 197 5936 8953 9388 1367 2980
30 7849 3240 5532 1037 2570 6113 9549 3804 6309 7660 8238 59 1867 8691 6137 1853 5775 193 6400 8304 4649 2277 4744 8202 7019 8043 439 7729 2249 6413
30 2717 929 2332 1818 3268 5082 2106 6902 74 925 594 4440 1436 6829 9902 998 9507 5081 481 8608 776 4022 5992 7139 3848 8241 9613 9767 5361 7577
29 2734 8085 8654 8356 3259 9980 7149 939 8251 111 3742 6191 8611 3303 1401 604 1173 2327 8269 591 2676 5933 4462 9335 7647 860 8986 4963 8009
30 9053 5233 3534 5127 2578 2137 7087 4350 6470 2274 1671 3546 8347 3124 2404 9923 361 5394 5464 1903 4301 2932 3053 783 7052 566 4695 2481 6179 6627
30 5266 482 3361 9522 8833 8766 1131 8897 3192 204 1668 9793 9218 2463 6749 9707 3458 2111 9405 4742 9532 1432 6089 3577 5408 5527 3451 8353 5991 6090
30 3039 8039 5941 5942 4 3455 5210 4069 4950 4758 5704 6263 1548 123 1870 2893 2015 6492 354 705 97 9663 2438 4426 4681 1279 4532 2143 3159 9700
18 187 3265 5608 9940 4080 2290 9487 2592 5164 4626 6158 5085 2250 7121 1820 9358 9860 3708
30 7678 4634 3772 5153 6102 304 2359 365 9495 3215 313 8623 8755 6386 7623 5346 7758 4059 3327 5750 9000 5892 1953 5234 5996 1404 4954 7921 6656 3767
30 2995 724 6785 6819 273 2633 6485 1487 8873 5084 7304 7727 1292 394 3759 7146 6134 6376 8847 8186 8674 3357 8173 5932 7734 8343 4026 937 4956 3748
30 1179 8372 1424 3640 9966 5829 3186 1414 2687 902 8912 2931 4720 9216 9135 1170 5114 1876 222 1780 4653 7640 6831 29 7967 7868 5795 1967 8771 8816
29 1959 6330 7494 7014 896 4476 6794 7299 9583 5496 7135 9545 9072 9068 9217 4365 5594 583 1523 5103 7372 8354 5872 3996 4450 2567 2189 7322 1637
29 9670 5160 1364 4067 4966 4629 167 3997 1012 9949 7784 1349 6927 4612 4294 4448 8578 9409 5631 9920 3792 1388 3613 8985 3729 6490 3328 2969 2587
29 835 2830 5041 7581 8540 4573 4627 7598 8793 1519 878 7525 403 6174 5972 8095 5037 6494 3007 5288 6372 9684 6517 9637 1682 6308 5609 6498 5044
29 2234 3756 4797 5794 8083 9263 5610 308 2435 1620 7419 7032 1742 3136 989 1068 9214 5154 3056 3089 4982 7266 4342 2282 1237 1361 769 4866 7341
29 8033 2711 1365 9685 3306 9428 7203 5916 8263 1081 5547 1166 8448 7150 1838 4148 5076 211 7428 2598 7504 5684 9972 7376 7517 6052 5375 9109 960
29 1134 9440 528 8717 1178 9915 8093 1302 2846 1872 2943 359 8752 8915 5202 8190 2110 8041 7783 4781 5143 4324 186 2491 4688 396 7371 6142 7502
28 9738 3968 6600 1862 1152 3610 2301 6994 9990 9885 392 4153 8824 2019 9008 4177 3213 1376 6739 3142 488 6108 699 4593 3649 6008 1739 496
30 9151 6021 4543 9787 5116 5896 6727 2238 3100 3683 1074 521 2124 1962 4160 3096 9823 8319 9534 4399 279 7749 9479 2566 8084 5391 5586 5432 503 4171
22 5876 8698 1247 502 2350 3164 4942 3644 5739 6740 4888 4774 4689 6937 7034 9176 1811 2398 6532 7553 869 1635
29 2822 3877 3833 1407 4455 4250 3731 1344 2322 1797 3336 4564 4379 189 9256 7171 7700 2945 478 631 5338 4073 8411 7480 5515 1266 7214 8774 6279
29 4467 4469 6062 6093 8624 1220 9874 3917 7489 2983 5900 1852 2062 2355 133 3061 7018 3599 381 2702 1850 3749 3739 1183 7523 2498 7804 5178 5987
30 6261 3075 3765 2205 1175 1239 9302 5170 3882 290 9771 7939 8455 1952 1914 6904 8498 1403 2128 4719 1757 5623 5814 4036 5665 6916 3197 3218 6598 7207
29 8450 2191 5756 7042 6150 571 5126 7800 2027 670 7291 9482 529 4081 4813 6175 1456 4244 2886 72 8524 5762 9496 8323 5812 806 4699 4923 2678
28 1566 1833 7787 5345 2640 3557 220 6036 3427 1120 3637 8008 9466 7712 5230 5356 8497 2174 9783 9125 3115 4569 7666 2667 1115 4827 1350 7134
30 6440 8644 6931 8481 5483 5117 408 5637 888 6675 3144 7776 1585 855 178 8882 6565 5174 3885 1806 672 1077 6903 4336 6534 7858 7261 7839 5473 4087
30 156 7313 553 8566 9129 1985 5478 2242 2310 7078 4691 9500 1709 9222 680 6156 8610 2798 4704 3615 3732 1334 8467 8427 3084 8522 7166 2902 1653 3810
27 6599 7760 6720 9506 2756 4697 8594 6437 3430 4158 6357 4019 2780 5600 8807 9595 1511 8414 2773 2619 2340 8555 6013 9422 7123 2007 647
29 8103 3562 9992 6231 906 8439 7842 8968 3821 7038 5856 8889 7785 709 3393 5067 611 9513 6387 9597 9028 3750 8388 5091 4297 940 4548 3472 9958
29 6198 2563 4060 6623 422 5945 8417 6359 793 6097 6856 3553 4179 1406 4851 2125 4838 3884 7003 774 5494 3223 2503 3066 4367 4820 5960 6390 2659
30 9475 1187 7708 61 4219 6922 9147 4673 8741 3500 6606 3494 292 1321 3568 5786 3886 7500 6039 8419 1296 5743 7665 10 8174 2819 6311 953 5007 973
29 45 4049 8657 9236 5298 6876 2018 80 9808 734 7407 1182 6213 4218 4368 8908 7630 3602 6759 3714 8452 767 9318 6659 1812 7090 1891 1268 6065
